2018-07-12 16:13:03.276  INFO 16536 --- [main] c.c.c.ConfigServicePropertySourceLocator : Fetching config from server at: http://config-server:8888
2018-07-12 16:13:06.580  INFO 16536 --- [main] c.c.c.ConfigServicePropertySourceLocator : Located environment: name=microService-service, profiles=[default], label=master, version=7ecc2b522fef5f0fa8a00411958d78d88778845b, state=null
2018-07-12 16:13:06.581  INFO 16536 --- [main] b.c.PropertySourceBootstrapConfiguration : Located property source: CompositePropertySource [name='configService', propertySources=[MapPropertySource [name='configClient'], MapPropertySource [name='https://github.com/lgomezs/spring-respository-config/microService-service.yml'], MapPropertySource [name='https://github.com/lgomezs/spring-respository-config/application.properties']]]
2018-07-12 16:14:14.315  INFO 15848 --- [main] c.c.c.ConfigServicePropertySourceLocator : Fetching config from server at: http://config-server:8888
2018-07-12 16:14:17.543  INFO 15848 --- [main] c.c.c.ConfigServicePropertySourceLocator : Located environment: name=microService-service, profiles=[default], label=master, version=7ecc2b522fef5f0fa8a00411958d78d88778845b, state=null
2018-07-12 16:14:17.543  INFO 15848 --- [main] b.c.PropertySourceBootstrapConfiguration : Located property source: CompositePropertySource [name='configService', propertySources=[MapPropertySource [name='configClient'], MapPropertySource [name='https://github.com/lgomezs/spring-respository-config/microService-service.yml'], MapPropertySource [name='https://github.com/lgomezs/spring-respository-config/application.properties']]]
2018-07-12 16:17:31.191  INFO 9648 --- [main] c.c.c.ConfigServicePropertySourceLocator : Fetching config from server at: http://config-server:8888
2018-07-12 16:17:35.197  INFO 9648 --- [main] c.c.c.ConfigServicePropertySourceLocator : Located environment: name=microService-service, profiles=[default], label=master, version=7ecc2b522fef5f0fa8a00411958d78d88778845b, state=null
2018-07-12 16:17:35.197  INFO 9648 --- [main] b.c.PropertySourceBootstrapConfiguration : Located property source: CompositePropertySource [name='configService', propertySources=[MapPropertySource [name='configClient'], MapPropertySource [name='https://github.com/lgomezs/spring-respository-config/microService-service.yml'], MapPropertySource [name='https://github.com/lgomezs/spring-respository-config/application.properties']]]
2018-07-12 16:24:29.070  INFO 12664 --- [main] c.c.c.ConfigServicePropertySourceLocator : Fetching config from server at: http://config-server:8888
2018-07-12 16:24:31.966  INFO 12664 --- [main] c.c.c.ConfigServicePropertySourceLocator : Located environment: name=microService-service, profiles=[default], label=master, version=7ecc2b522fef5f0fa8a00411958d78d88778845b, state=null
2018-07-12 16:24:31.967  INFO 12664 --- [main] b.c.PropertySourceBootstrapConfiguration : Located property source: CompositePropertySource [name='configService', propertySources=[MapPropertySource [name='configClient'], MapPropertySource [name='https://github.com/lgomezs/spring-respository-config/microService-service.yml'], MapPropertySource [name='https://github.com/lgomezs/spring-respository-config/application.properties']]]
2018-07-12 18:53:19.832  INFO 11308 --- [main] c.c.c.ConfigServicePropertySourceLocator : Fetching config from server at: http://config-server:8888
2018-07-12 18:53:22.707  INFO 11308 --- [main] c.c.c.ConfigServicePropertySourceLocator : Located environment: name=microService-service, profiles=[default], label=master, version=df4a23b1634443cd7e3142d43c71d8402368e2df, state=null
2018-07-12 18:53:22.708  INFO 11308 --- [main] b.c.PropertySourceBootstrapConfiguration : Located property source: CompositePropertySource [name='configService', propertySources=[MapPropertySource [name='configClient'], MapPropertySource [name='https://github.com/lgomezs/spring-respository-config/microService-service.yml'], MapPropertySource [name='https://github.com/lgomezs/spring-respository-config/application.properties']]]
2018-07-12 19:08:07.065  INFO 2776 --- [main] c.c.c.ConfigServicePropertySourceLocator : Fetching config from server at: http://config-server:8888
2018-07-12 19:08:08.398  INFO 2776 --- [main] c.c.c.ConfigServicePropertySourceLocator : Located environment: name=microService-service, profiles=[default], label=master, version=df4a23b1634443cd7e3142d43c71d8402368e2df, state=null
2018-07-12 19:08:08.399  INFO 2776 --- [main] b.c.PropertySourceBootstrapConfiguration : Located property source: CompositePropertySource [name='configService', propertySources=[MapPropertySource [name='configClient'], MapPropertySource [name='https://github.com/lgomezs/spring-respository-config/microService-service.yml'], MapPropertySource [name='https://github.com/lgomezs/spring-respository-config/application.properties']]]
2018-07-13 09:59:00.400  INFO 11368 --- [main] c.c.c.ConfigServicePropertySourceLocator : Fetching config from server at: http://config-server:8888
2018-07-13 09:59:06.351  INFO 11368 --- [main] c.c.c.ConfigServicePropertySourceLocator : Located environment: name=microService-service, profiles=[default], label=master, version=a07d31930ebe46d6388c102fc630961bcb53e794, state=null
2018-07-13 09:59:06.372  INFO 11368 --- [main] b.c.PropertySourceBootstrapConfiguration : Located property source: CompositePropertySource [name='configService', propertySources=[MapPropertySource [name='configClient'], MapPropertySource [name='https://github.com/lgomezs/spring-respository-config/microService-service.yml'], MapPropertySource [name='https://github.com/lgomezs/spring-respository-config/application.properties']]]
2018-07-13 09:59:06.515  INFO 11368 --- [main] pe.gob.react.react.Application           : No active profile set, falling back to default profiles: default
2018-07-13 09:59:06.553  INFO 11368 --- [main] ationConfigEmbeddedWebApplicationContext : Refreshing org.springframework.boot.context.embedded.AnnotationConfigEmbeddedWebApplicationContext@4a1b19f2: startup date [Fri Jul 13 09:59:06 COT 2018]; parent: org.springframework.context.annotation.AnnotationConfigApplicationContext@7d5f9840
2018-07-13 09:59:09.475  WARN 11368 --- [main] o.s.c.a.ConfigurationClassPostProcessor  : Cannot enhance @Configuration bean definition 'refreshScope' since its singleton instance has been created too early. The typical cause is a non-static @Bean method with a BeanDefinitionRegistryPostProcessor return type: Consider declaring such methods as 'static'.
2018-07-13 09:59:09.702  INFO 11368 --- [main] o.s.cloud.context.scope.GenericScope     : BeanFactory id=92a772c5-7a2f-3453-9b18-ce92f37489ab
2018-07-13 09:59:09.771  INFO 11368 --- [main] f.a.AutowiredAnnotationBeanPostProcessor : JSR-330 'javax.inject.Inject' annotation found and supported for autowiring
2018-07-13 09:59:10.073  INFO 11368 --- [main] trationDelegate$BeanPostProcessorChecker : Bean 'org.springframework.cloud.autoconfigure.ConfigurationPropertiesRebinderAutoConfiguration' of type [class org.springframework.cloud.autoconfigure.ConfigurationPropertiesRebinderAutoConfiguration$$EnhancerBySpringCGLIB$$d8a10579] is not eligible for getting processed by all BeanPostProcessors (for example: not eligible for auto-proxying)
2018-07-13 09:59:10.372  INFO 11368 --- [main] org.xnio                                 : XNIO version 3.3.6.Final
2018-07-13 09:59:10.396  INFO 11368 --- [main] org.xnio.nio                             : XNIO NIO Implementation Version 3.3.6.Final
2018-07-13 09:59:10.466  WARN 11368 --- [main] io.undertow.websockets.jsr               : UT026009: XNIO worker was not set on WebSocketDeploymentInfo, the default worker will be used
2018-07-13 09:59:10.467  WARN 11368 --- [main] io.undertow.websockets.jsr               : UT026010: Buffer pool was not set on WebSocketDeploymentInfo, the default pool will be used
2018-07-13 09:59:10.490  INFO 11368 --- [main] io.undertow.servlet                      : Initializing Spring embedded WebApplicationContext
2018-07-13 09:59:10.492  INFO 11368 --- [main] o.s.web.context.ContextLoader            : Root WebApplicationContext: initialization completed in 3940 ms
2018-07-13 09:59:10.772  INFO 11368 --- [main] o.s.b.w.servlet.ServletRegistrationBean  : Mapping servlet: 'dispatcherServlet' to [/]
2018-07-13 09:59:10.783  INFO 11368 --- [main] o.s.b.w.servlet.FilterRegistrationBean   : Mapping filter: 'metricsFilter' to: [/*]
2018-07-13 09:59:10.785  INFO 11368 --- [main] o.s.b.w.servlet.FilterRegistrationBean   : Mapping filter: 'characterEncodingFilter' to: [/*]
2018-07-13 09:59:10.786  INFO 11368 --- [main] o.s.b.w.servlet.FilterRegistrationBean   : Mapping filter: 'hiddenHttpMethodFilter' to: [/*]
2018-07-13 09:59:10.787  INFO 11368 --- [main] o.s.b.w.servlet.FilterRegistrationBean   : Mapping filter: 'httpPutFormContentFilter' to: [/*]
2018-07-13 09:59:10.788  INFO 11368 --- [main] o.s.b.w.servlet.FilterRegistrationBean   : Mapping filter: 'requestContextFilter' to: [/*]
2018-07-13 09:59:10.788  INFO 11368 --- [main] o.s.b.w.servlet.FilterRegistrationBean   : Mapping filter: 'webRequestLoggingFilter' to: [/*]
2018-07-13 09:59:10.789  INFO 11368 --- [main] o.s.b.w.servlet.FilterRegistrationBean   : Mapping filter: 'applicationContextIdFilter' to: [/*]
2018-07-13 09:59:11.319  INFO 11368 --- [main] org.mongodb.driver.cluster               : Cluster created with settings {hosts=[ds133601.mlab.com:33601], mode=SINGLE, requiredClusterType=UNKNOWN, serverSelectionTimeout='30000 ms', maxWaitQueueSize=500}
2018-07-13 09:59:12.689  INFO 11368 --- [main] s.w.s.m.m.a.RequestMappingHandlerMapping : Mapped "{[/contacto/getContacto],methods=[GET]}" onto public java.util.List<pe.gob.react.react.model.Contacto> pe.gob.react.react.controller.ContactoController.getContacto()
2018-07-13 09:59:12.692  INFO 11368 --- [main] s.w.s.m.m.a.RequestMappingHandlerMapping : Mapped "{[/contacto/saveContacto],methods=[POST]}" onto public pe.gob.react.react.model.Contacto pe.gob.react.react.controller.ContactoController.saveContacto(pe.gob.react.react.model.Contacto)
2018-07-13 09:59:12.695  INFO 11368 --- [main] s.w.s.m.m.a.RequestMappingHandlerMapping : Mapped "{[/contacto/getContacto/{getID}],methods=[GET]}" onto public pe.gob.react.react.model.Contacto pe.gob.react.react.controller.ContactoController.getContactoByID(java.lang.String)
2018-07-13 09:59:12.700  INFO 11368 --- [main] s.w.s.m.m.a.RequestMappingHandlerMapping : Mapped "{[/contacto/deleteContacto/{getID}],methods=[DELETE]}" onto public void pe.gob.react.react.controller.ContactoController.deleteContactoByID(java.lang.String)
2018-07-13 09:59:12.702  INFO 11368 --- [main] s.w.s.m.m.a.RequestMappingHandlerMapping : Mapped "{[/v2/api-docs],methods=[GET],produces=[application/json || application/hal+json]}" onto public org.springframework.http.ResponseEntity<springfox.documentation.spring.web.json.Json> springfox.documentation.swagger2.web.Swagger2Controller.getDocumentation(java.lang.String,javax.servlet.http.HttpServletRequest)
2018-07-13 09:59:12.708  INFO 11368 --- [main] s.w.s.m.m.a.RequestMappingHandlerMapping : Mapped "{[/swagger-resources/configuration/security]}" onto org.springframework.http.ResponseEntity<springfox.documentation.swagger.web.SecurityConfiguration> springfox.documentation.swagger.web.ApiResourceController.securityConfiguration()
2018-07-13 09:59:12.712  INFO 11368 --- [main] s.w.s.m.m.a.RequestMappingHandlerMapping : Mapped "{[/swagger-resources]}" onto org.springframework.http.ResponseEntity<java.util.List<springfox.documentation.swagger.web.SwaggerResource>> springfox.documentation.swagger.web.ApiResourceController.swaggerResources()
2018-07-13 09:59:12.716  INFO 11368 --- [main] s.w.s.m.m.a.RequestMappingHandlerMapping : Mapped "{[/swagger-resources/configuration/ui]}" onto org.springframework.http.ResponseEntity<springfox.documentation.swagger.web.UiConfiguration> springfox.documentation.swagger.web.ApiResourceController.uiConfiguration()
2018-07-13 09:59:12.724  INFO 11368 --- [main] s.w.s.m.m.a.RequestMappingHandlerMapping : Mapped "{[/error]}" onto public org.springframework.http.ResponseEntity<java.util.Map<java.lang.String, java.lang.Object>> org.springframework.boot.autoconfigure.web.BasicErrorController.error(javax.servlet.http.HttpServletRequest)
2018-07-13 09:59:12.726  INFO 11368 --- [main] s.w.s.m.m.a.RequestMappingHandlerMapping : Mapped "{[/error],produces=[text/html]}" onto public org.springframework.web.servlet.ModelAndView org.springframework.boot.autoconfigure.web.BasicErrorController.errorHtml(javax.servlet.http.HttpServletRequest,javax.servlet.http.HttpServletResponse)
2018-07-13 09:59:13.366  INFO 11368 --- [cluster-ClusterId{value='5b48be3f2a01fb2c6855fbff', description='null'}-ds133601.mlab.com:33601] org.mongodb.driver.connection            : Opened connection [connectionId{localValue:1, serverValue:152561}] to ds133601.mlab.com:33601
2018-07-13 09:59:13.525  INFO 11368 --- [cluster-ClusterId{value='5b48be3f2a01fb2c6855fbff', description='null'}-ds133601.mlab.com:33601] org.mongodb.driver.cluster               : Monitor thread successfully connected to server with description ServerDescription{address=ds133601.mlab.com:33601, type=REPLICA_SET_PRIMARY, state=CONNECTED, ok=true, version=ServerVersion{versionList=[3, 4, 15]}, minWireVersion=0, maxWireVersion=5, maxDocumentSize=16777216, roundTripTimeNanos=156064643, setName='rs-ds133601', canonicalAddress=ds133601-a.mlab.com:33601, hosts=[ds133601-a.mlab.com:33601], passives=[], arbiters=[], primary='ds133601-a.mlab.com:33601', tagSet=TagSet{[]}, electionId=7fffffff0000000000000001, setVersion=1}
2018-07-13 09:59:13.683  INFO 11368 --- [main] o.s.b.a.e.mvc.EndpointHandlerMapping     : Mapped "{[/trace || /trace.json],methods=[GET],produces=[application/json]}" onto public java.lang.Object org.springframework.boot.actuate.endpoint.mvc.EndpointMvcAdapter.invoke()
2018-07-13 09:59:13.685  INFO 11368 --- [main] o.s.b.a.e.mvc.EndpointHandlerMapping     : Mapped "{[/env/{name:.*}],methods=[GET],produces=[application/json]}" onto public java.lang.Object org.springframework.boot.actuate.endpoint.mvc.EnvironmentMvcEndpoint.value(java.lang.String)
2018-07-13 09:59:13.687  INFO 11368 --- [main] o.s.b.a.e.mvc.EndpointHandlerMapping     : Mapped "{[/env || /env.json],methods=[GET],produces=[application/json]}" onto public java.lang.Object org.springframework.boot.actuate.endpoint.mvc.EndpointMvcAdapter.invoke()
2018-07-13 09:59:13.689  INFO 11368 --- [main] o.s.b.a.e.mvc.EndpointHandlerMapping     : Mapped "{[/metrics/{name:.*}],methods=[GET],produces=[application/json]}" onto public java.lang.Object org.springframework.boot.actuate.endpoint.mvc.MetricsMvcEndpoint.value(java.lang.String)
2018-07-13 09:59:13.689  INFO 11368 --- [main] o.s.b.a.e.mvc.EndpointHandlerMapping     : Mapped "{[/metrics || /metrics.json],methods=[GET],produces=[application/json]}" onto public java.lang.Object org.springframework.boot.actuate.endpoint.mvc.EndpointMvcAdapter.invoke()
2018-07-13 09:59:13.691  INFO 11368 --- [main] o.s.b.a.e.mvc.EndpointHandlerMapping     : Mapped "{[/mappings || /mappings.json],methods=[GET],produces=[application/json]}" onto public java.lang.Object org.springframework.boot.actuate.endpoint.mvc.EndpointMvcAdapter.invoke()
2018-07-13 09:59:13.694  INFO 11368 --- [main] o.s.b.a.e.mvc.EndpointHandlerMapping     : Mapped "{[/info || /info.json],methods=[GET],produces=[application/json]}" onto public java.lang.Object org.springframework.boot.actuate.endpoint.mvc.EndpointMvcAdapter.invoke()
2018-07-13 09:59:13.698  INFO 11368 --- [main] o.s.b.a.e.mvc.EndpointHandlerMapping     : Mapped "{[/archaius || /archaius.json],methods=[GET],produces=[application/json]}" onto public java.lang.Object org.springframework.boot.actuate.endpoint.mvc.EndpointMvcAdapter.invoke()
2018-07-13 09:59:13.700  INFO 11368 --- [main] o.s.b.a.e.mvc.EndpointHandlerMapping     : Mapped "{[/heapdump || /heapdump.json],methods=[GET],produces=[application/octet-stream]}" onto public void org.springframework.boot.actuate.endpoint.mvc.HeapdumpMvcEndpoint.invoke(boolean,javax.servlet.http.HttpServletRequest,javax.servlet.http.HttpServletResponse) throws java.io.IOException,javax.servlet.ServletException
2018-07-13 09:59:13.701  INFO 11368 --- [main] o.s.b.a.e.mvc.EndpointHandlerMapping     : Mapped "{[/dump || /dump.json],methods=[GET],produces=[application/json]}" onto public java.lang.Object org.springframework.boot.actuate.endpoint.mvc.EndpointMvcAdapter.invoke()
2018-07-13 09:59:13.702  INFO 11368 --- [main] o.s.b.a.e.mvc.EndpointHandlerMapping     : Mapped "{[/logfile || /logfile.json],methods=[GET || HEAD]}" onto public void org.springframework.boot.actuate.endpoint.mvc.LogFileMvcEndpoint.invoke(javax.servlet.http.HttpServletRequest,javax.servlet.http.HttpServletResponse) throws javax.servlet.ServletException,java.io.IOException
2018-07-13 09:59:13.704  INFO 11368 --- [main] o.s.b.a.e.mvc.EndpointHandlerMapping     : Mapped "{[/restart || /restart.json],methods=[POST]}" onto public java.lang.Object org.springframework.cloud.context.restart.RestartMvcEndpoint.invoke()
2018-07-13 09:59:13.707  INFO 11368 --- [main] o.s.b.a.e.mvc.EndpointHandlerMapping     : Mapped "{[/resume || /resume.json],methods=[POST]}" onto public java.lang.Object org.springframework.cloud.endpoint.GenericPostableMvcEndpoint.invoke()
2018-07-13 09:59:13.710  INFO 11368 --- [main] o.s.b.a.e.mvc.EndpointHandlerMapping     : Mapped "{[/pause || /pause.json],methods=[POST]}" onto public java.lang.Object org.springframework.cloud.endpoint.GenericPostableMvcEndpoint.invoke()
2018-07-13 09:59:13.711  INFO 11368 --- [main] o.s.b.a.e.mvc.EndpointHandlerMapping     : Mapped "{[/autoconfig || /autoconfig.json],methods=[GET],produces=[application/json]}" onto public java.lang.Object org.springframework.boot.actuate.endpoint.mvc.EndpointMvcAdapter.invoke()
2018-07-13 09:59:13.712  INFO 11368 --- [main] o.s.b.a.e.mvc.EndpointHandlerMapping     : Mapped "{[/configprops || /configprops.json],methods=[GET],produces=[application/json]}" onto public java.lang.Object org.springframework.boot.actuate.endpoint.mvc.EndpointMvcAdapter.invoke()
2018-07-13 09:59:13.715  INFO 11368 --- [main] o.s.b.a.e.mvc.EndpointHandlerMapping     : Mapped "{[/beans || /beans.json],methods=[GET],produces=[application/json]}" onto public java.lang.Object org.springframework.boot.actuate.endpoint.mvc.EndpointMvcAdapter.invoke()
2018-07-13 09:59:13.717  INFO 11368 --- [main] o.s.b.a.e.mvc.EndpointHandlerMapping     : Mapped "{[/features || /features.json],methods=[GET],produces=[application/json]}" onto public java.lang.Object org.springframework.boot.actuate.endpoint.mvc.EndpointMvcAdapter.invoke()
2018-07-13 09:59:13.718  INFO 11368 --- [main] o.s.b.a.e.mvc.EndpointHandlerMapping     : Mapped "{[/env],methods=[POST]}" onto public java.lang.Object org.springframework.cloud.context.environment.EnvironmentManagerMvcEndpoint.value(java.util.Map<java.lang.String, java.lang.String>)
2018-07-13 09:59:13.719  INFO 11368 --- [main] o.s.b.a.e.mvc.EndpointHandlerMapping     : Mapped "{[/env/reset],methods=[POST]}" onto public java.util.Map<java.lang.String, java.lang.Object> org.springframework.cloud.context.environment.EnvironmentManagerMvcEndpoint.reset()
2018-07-13 09:59:13.720  INFO 11368 --- [main] o.s.b.a.e.mvc.EndpointHandlerMapping     : Mapped "{[/refresh || /refresh.json],methods=[POST]}" onto public java.lang.Object org.springframework.cloud.endpoint.GenericPostableMvcEndpoint.invoke()
2018-07-13 09:59:13.721  INFO 11368 --- [main] o.s.b.a.e.mvc.EndpointHandlerMapping     : Mapped "{[/health || /health.json],produces=[application/json]}" onto public java.lang.Object org.springframework.boot.actuate.endpoint.mvc.HealthMvcEndpoint.invoke(java.security.Principal)
2018-07-13 09:59:14.298  INFO 11368 --- [main] s.w.s.m.m.a.RequestMappingHandlerAdapter : Looking for @ControllerAdvice: org.springframework.boot.context.embedded.AnnotationConfigEmbeddedWebApplicationContext@4a1b19f2: startup date [Fri Jul 13 09:59:06 COT 2018]; parent: org.springframework.context.annotation.AnnotationConfigApplicationContext@7d5f9840
2018-07-13 09:59:14.386  INFO 11368 --- [main] o.s.w.s.handler.SimpleUrlHandlerMapping  : Mapped URL path [/webjars/**] onto handler of type [class org.springframework.web.servlet.resource.ResourceHttpRequestHandler]
2018-07-13 09:59:14.386  INFO 11368 --- [main] o.s.w.s.handler.SimpleUrlHandlerMapping  : Mapped URL path [/**] onto handler of type [class org.springframework.web.servlet.resource.ResourceHttpRequestHandler]
2018-07-13 09:59:14.445  INFO 11368 --- [main] o.s.w.s.handler.SimpleUrlHandlerMapping  : Mapped URL path [/**/favicon.ico] onto handler of type [class org.springframework.web.servlet.resource.ResourceHttpRequestHandler]
2018-07-13 09:59:14.510  INFO 11368 --- [main] oConfiguration$WelcomePageHandlerMapping : Adding welcome page: class path resource [static/index.html]
2018-07-13 09:59:14.959  WARN 11368 --- [main] c.n.c.sources.URLConfigurationSource     : No URLs will be polled as dynamic configuration sources.
2018-07-13 09:59:14.961  INFO 11368 --- [main] c.n.c.sources.URLConfigurationSource     : To enable URLs as dynamic configuration sources, define System property archaius.configurationSource.additionalUrls or make config.properties available on classpath.
2018-07-13 09:59:14.971  WARN 11368 --- [main] c.n.c.sources.URLConfigurationSource     : No URLs will be polled as dynamic configuration sources.
2018-07-13 09:59:14.972  INFO 11368 --- [main] c.n.c.sources.URLConfigurationSource     : To enable URLs as dynamic configuration sources, define System property archaius.configurationSource.additionalUrls or make config.properties available on classpath.
2018-07-13 09:59:15.082  INFO 11368 --- [main] o.s.j.e.a.AnnotationMBeanExporter        : Registering beans for JMX exposure on startup
2018-07-13 09:59:15.099  INFO 11368 --- [main] o.s.j.e.a.AnnotationMBeanExporter        : Bean with name 'refreshScope' has been autodetected for JMX exposure
2018-07-13 09:59:15.100  INFO 11368 --- [main] o.s.j.e.a.AnnotationMBeanExporter        : Bean with name 'environmentManager' has been autodetected for JMX exposure
2018-07-13 09:59:15.103  INFO 11368 --- [main] o.s.j.e.a.AnnotationMBeanExporter        : Bean with name 'configurationPropertiesRebinder' has been autodetected for JMX exposure
2018-07-13 09:59:15.105  INFO 11368 --- [main] o.s.j.e.a.AnnotationMBeanExporter        : Bean with name 'refreshEndpoint' has been autodetected for JMX exposure
2018-07-13 09:59:15.108  INFO 11368 --- [main] o.s.j.e.a.AnnotationMBeanExporter        : Bean with name 'restartEndpoint' has been autodetected for JMX exposure
2018-07-13 09:59:15.112  INFO 11368 --- [main] o.s.j.e.a.AnnotationMBeanExporter        : Located managed bean 'environmentManager': registering with JMX server as MBean [org.springframework.cloud.context.environment:name=environmentManager,type=EnvironmentManager]
2018-07-13 09:59:15.133  INFO 11368 --- [main] o.s.j.e.a.AnnotationMBeanExporter        : Located managed bean 'restartEndpoint': registering with JMX server as MBean [org.springframework.cloud.context.restart:name=restartEndpoint,type=RestartEndpoint]
2018-07-13 09:59:15.151  INFO 11368 --- [main] o.s.j.e.a.AnnotationMBeanExporter        : Located managed bean 'refreshScope': registering with JMX server as MBean [org.springframework.cloud.context.scope.refresh:name=refreshScope,type=RefreshScope]
2018-07-13 09:59:15.176  INFO 11368 --- [main] o.s.j.e.a.AnnotationMBeanExporter        : Located managed bean 'configurationPropertiesRebinder': registering with JMX server as MBean [org.springframework.cloud.context.properties:name=configurationPropertiesRebinder,context=4a1b19f2,type=ConfigurationPropertiesRebinder]
2018-07-13 09:59:15.194  INFO 11368 --- [main] o.s.j.e.a.AnnotationMBeanExporter        : Located managed bean 'refreshEndpoint': registering with JMX server as MBean [org.springframework.cloud.endpoint:name=refreshEndpoint,type=RefreshEndpoint]
2018-07-13 09:59:15.379  INFO 11368 --- [main] o.s.c.support.DefaultLifecycleProcessor  : Starting beans in phase 0
2018-07-13 09:59:15.391  INFO 11368 --- [main] o.s.c.n.eureka.InstanceInfoFactory       : Setting initial instance status as: STARTING
2018-07-13 09:59:16.760  INFO 11368 --- [main] c.n.e.EurekaDiscoveryClientConfiguration : Registering application microService-service with eureka with status UP
2018-07-13 09:59:16.858  INFO 11368 --- [main] o.s.c.support.DefaultLifecycleProcessor  : Starting beans in phase 2147483647
2018-07-13 09:59:16.869  INFO 11368 --- [main] d.s.w.p.DocumentationPluginsBootstrapper : Context refreshed
2018-07-13 09:59:16.967  INFO 11368 --- [main] d.s.w.p.DocumentationPluginsBootstrapper : Found 1 custom documentation plugin(s)
2018-07-13 09:59:17.205  INFO 11368 --- [main] s.d.s.w.s.ApiListingReferenceScanner     : Scanning for api listing references
2018-07-13 09:59:17.855  INFO 11368 --- [main] b.c.e.u.UndertowEmbeddedServletContainer : Undertow started on port(s) 3333 (http)
2018-07-13 09:59:17.857  INFO 11368 --- [main] c.n.e.EurekaDiscoveryClientConfiguration : Updating port to 3333
2018-07-13 09:59:17.864  INFO 11368 --- [main] pe.gob.react.react.Application           : Started Application in 19.608 seconds (JVM running for 27.451)
2018-07-13 10:03:24.967  INFO 11368 --- [XNIO-2 task-1] io.undertow.servlet                      : Initializing Spring FrameworkServlet 'dispatcherServlet'
2018-07-13 10:03:24.968  INFO 11368 --- [XNIO-2 task-1] o.s.web.servlet.DispatcherServlet        : FrameworkServlet 'dispatcherServlet': initialization started
2018-07-13 10:03:24.994  INFO 11368 --- [XNIO-2 task-1] o.s.web.servlet.DispatcherServlet        : FrameworkServlet 'dispatcherServlet': initialization completed in 25 ms
2018-07-13 10:03:50.623  INFO 11368 --- [XNIO-2 task-28] org.mongodb.driver.connection            : Opened connection [connectionId{localValue:2, serverValue:153247}] to ds133601.mlab.com:33601
2018-07-13 10:14:47.340  INFO 11368 --- [DiscoveryClient-HeartbeatExecutor-0] o.a.http.impl.client.DefaultHttpClient   : I/O exception (java.net.BindException) caught when connecting to {}->http://discovery-server:1111: Address already in use: connect
2018-07-13 10:14:47.340  INFO 11368 --- [DiscoveryClient-CacheRefreshExecutor-0] o.a.http.impl.client.DefaultHttpClient   : I/O exception (java.net.BindException) caught when connecting to {}->http://discovery-server:1111: Address already in use: connect
2018-07-13 10:14:47.341  INFO 11368 --- [DiscoveryClient-HeartbeatExecutor-0] o.a.http.impl.client.DefaultHttpClient   : Retrying connect to {}->http://discovery-server:1111
2018-07-13 10:14:47.346  INFO 11368 --- [DiscoveryClient-CacheRefreshExecutor-0] o.a.http.impl.client.DefaultHttpClient   : Retrying connect to {}->http://discovery-server:1111
2018-07-13 10:14:47.363  INFO 11368 --- [DiscoveryClient-CacheRefreshExecutor-0] o.a.http.impl.client.DefaultHttpClient   : I/O exception (java.net.BindException) caught when connecting to {}->http://discovery-server:1111: Address already in use: connect
2018-07-13 10:14:47.364  INFO 11368 --- [DiscoveryClient-CacheRefreshExecutor-0] o.a.http.impl.client.DefaultHttpClient   : Retrying connect to {}->http://discovery-server:1111
2018-07-13 10:14:47.367  INFO 11368 --- [DiscoveryClient-CacheRefreshExecutor-0] o.a.http.impl.client.DefaultHttpClient   : I/O exception (java.net.BindException) caught when connecting to {}->http://discovery-server:1111: Address already in use: connect
2018-07-13 10:14:47.368  INFO 11368 --- [DiscoveryClient-CacheRefreshExecutor-0] o.a.http.impl.client.DefaultHttpClient   : Retrying connect to {}->http://discovery-server:1111
2018-07-13 10:15:17.378  INFO 11368 --- [DiscoveryClient-HeartbeatExecutor-0] o.a.http.impl.client.DefaultHttpClient   : I/O exception (java.net.BindException) caught when connecting to {}->http://discovery-server:1111: Address already in use: connect
2018-07-13 10:15:17.390  INFO 11368 --- [DiscoveryClient-HeartbeatExecutor-0] o.a.http.impl.client.DefaultHttpClient   : Retrying connect to {}->http://discovery-server:1111
2018-07-13 10:15:17.395  INFO 11368 --- [DiscoveryClient-HeartbeatExecutor-0] o.a.http.impl.client.DefaultHttpClient   : I/O exception (java.net.BindException) caught when connecting to {}->http://discovery-server:1111: Address already in use: connect
2018-07-13 10:15:17.396  INFO 11368 --- [DiscoveryClient-HeartbeatExecutor-0] o.a.http.impl.client.DefaultHttpClient   : Retrying connect to {}->http://discovery-server:1111
2018-07-13 10:15:17.400  INFO 11368 --- [DiscoveryClient-HeartbeatExecutor-0] o.a.http.impl.client.DefaultHttpClient   : I/O exception (java.net.BindException) caught when connecting to {}->http://discovery-server:1111: Address already in use: connect
2018-07-13 10:15:17.401  INFO 11368 --- [DiscoveryClient-HeartbeatExecutor-0] o.a.http.impl.client.DefaultHttpClient   : Retrying connect to {}->http://discovery-server:1111
2018-07-13 10:16:17.451  INFO 11368 --- [DiscoveryClient-CacheRefreshExecutor-0] o.a.http.impl.client.DefaultHttpClient   : I/O exception (java.net.BindException) caught when connecting to {}->http://discovery-server:1111: Address already in use: connect
2018-07-13 10:16:17.452  INFO 11368 --- [DiscoveryClient-CacheRefreshExecutor-0] o.a.http.impl.client.DefaultHttpClient   : Retrying connect to {}->http://discovery-server:1111
2018-07-13 10:16:17.456  INFO 11368 --- [DiscoveryClient-HeartbeatExecutor-0] o.a.http.impl.client.DefaultHttpClient   : I/O exception (java.net.BindException) caught when connecting to {}->http://discovery-server:1111: Address already in use: connect
2018-07-13 10:16:17.457  INFO 11368 --- [DiscoveryClient-CacheRefreshExecutor-0] o.a.http.impl.client.DefaultHttpClient   : I/O exception (java.net.BindException) caught when connecting to {}->http://discovery-server:1111: Address already in use: connect
2018-07-13 10:16:17.457  INFO 11368 --- [DiscoveryClient-HeartbeatExecutor-0] o.a.http.impl.client.DefaultHttpClient   : Retrying connect to {}->http://discovery-server:1111
2018-07-13 10:16:17.457  INFO 11368 --- [DiscoveryClient-CacheRefreshExecutor-0] o.a.http.impl.client.DefaultHttpClient   : Retrying connect to {}->http://discovery-server:1111
2018-07-13 10:33:35.573  INFO 11368 --- [cluster-ClusterId{value='5b48be3f2a01fb2c6855fbff', description='null'}-ds133601.mlab.com:33601] org.mongodb.driver.cluster               : Exception in monitor thread while connecting to server ds133601.mlab.com:33601

com.mongodb.MongoSocketException: ds133601.mlab.com
	at com.mongodb.ServerAddress.getSocketAddress(ServerAddress.java:188) ~[mongodb-driver-core-3.2.2.jar:na]
	at com.mongodb.connection.SocketStreamHelper.initialize(SocketStreamHelper.java:50) ~[mongodb-driver-core-3.2.2.jar:na]
	at com.mongodb.connection.SocketStream.open(SocketStream.java:58) ~[mongodb-driver-core-3.2.2.jar:na]
	at com.mongodb.connection.InternalStreamConnection.open(InternalStreamConnection.java:114) ~[mongodb-driver-core-3.2.2.jar:na]
	at com.mongodb.connection.DefaultServerMonitor$ServerMonitorRunnable.run(DefaultServerMonitor.java:142) ~[mongodb-driver-core-3.2.2.jar:na]
	at java.lang.Thread.run(Thread.java:745) [na:1.8.0_40]
Caused by: java.net.UnknownHostException: ds133601.mlab.com
	at java.net.Inet6AddressImpl.lookupAllHostAddr(Native Method) ~[na:1.8.0_40]
	at java.net.InetAddress$2.lookupAllHostAddr(InetAddress.java:907) ~[na:1.8.0_40]
	at java.net.InetAddress.getAddressesFromNameService(InetAddress.java:1302) ~[na:1.8.0_40]
	at java.net.InetAddress.getAllByName0(InetAddress.java:1255) ~[na:1.8.0_40]
	at java.net.InetAddress.getAllByName(InetAddress.java:1171) ~[na:1.8.0_40]
	at java.net.InetAddress.getAllByName(InetAddress.java:1105) ~[na:1.8.0_40]
	at java.net.InetAddress.getByName(InetAddress.java:1055) ~[na:1.8.0_40]
	at com.mongodb.ServerAddress.getSocketAddress(ServerAddress.java:186) ~[mongodb-driver-core-3.2.2.jar:na]
	... 5 common frames omitted

2018-07-13 10:37:57.130  INFO 11368 --- [cluster-ClusterId{value='5b48be3f2a01fb2c6855fbff', description='null'}-ds133601.mlab.com:33601] org.mongodb.driver.connection            : Opened connection [connectionId{localValue:29, serverValue:157106}] to ds133601.mlab.com:33601
2018-07-13 10:37:57.328  INFO 11368 --- [cluster-ClusterId{value='5b48be3f2a01fb2c6855fbff', description='null'}-ds133601.mlab.com:33601] org.mongodb.driver.cluster               : Monitor thread successfully connected to server with description ServerDescription{address=ds133601.mlab.com:33601, type=REPLICA_SET_PRIMARY, state=CONNECTED, ok=true, version=ServerVersion{versionList=[3, 4, 15]}, minWireVersion=0, maxWireVersion=5, maxDocumentSize=16777216, roundTripTimeNanos=197448235, setName='rs-ds133601', canonicalAddress=ds133601-a.mlab.com:33601, hosts=[ds133601-a.mlab.com:33601], passives=[], arbiters=[], primary='ds133601-a.mlab.com:33601', tagSet=TagSet{[]}, electionId=7fffffff0000000000000001, setVersion=1}
2018-07-13 10:46:29.033  INFO 11368 --- [Thread-4] ationConfigEmbeddedWebApplicationContext : Closing org.springframework.boot.context.embedded.AnnotationConfigEmbeddedWebApplicationContext@4a1b19f2: startup date [Fri Jul 13 09:59:06 COT 2018]; parent: org.springframework.context.annotation.AnnotationConfigApplicationContext@7d5f9840
2018-07-13 10:46:29.786  INFO 11368 --- [Thread-4] c.n.e.EurekaDiscoveryClientConfiguration : Unregistering application microService-service with eureka with status DOWN
2018-07-13 10:46:31.043  INFO 11368 --- [Thread-4] o.s.c.support.DefaultLifecycleProcessor  : Stopping beans in phase 2147483647
2018-07-13 10:46:31.152  INFO 11368 --- [Thread-4] o.s.c.support.DefaultLifecycleProcessor  : Stopping beans in phase 0
2018-07-13 10:46:31.394  INFO 11368 --- [Thread-4] o.s.j.e.a.AnnotationMBeanExporter        : Unregistering JMX-exposed beans on shutdown
2018-07-13 10:46:31.395  INFO 11368 --- [Thread-4] o.s.j.e.a.AnnotationMBeanExporter        : Unregistering JMX-exposed beans
2018-07-13 10:46:31.555  INFO 11368 --- [Thread-4] org.mongodb.driver.connection            : Closed connection [connectionId{localValue:2, serverValue:153247}] to ds133601.mlab.com:33601 because there was a socket exception raised on another connection from this pool.
2018-07-13 10:46:31.647  INFO 11368 --- [Thread-4] io.undertow.servlet                      : Destroying Spring FrameworkServlet 'dispatcherServlet'
2018-07-13 10:46:46.183  INFO 8360 --- [main] c.c.c.ConfigServicePropertySourceLocator : Fetching config from server at: http://config-server:8888
2018-07-13 10:46:48.294  INFO 8360 --- [main] c.c.c.ConfigServicePropertySourceLocator : Located environment: name=microService-service, profiles=[default], label=master, version=ef17726f2cce6142622176776e05d163dc2c931e, state=null
2018-07-13 10:46:48.298  INFO 8360 --- [main] b.c.PropertySourceBootstrapConfiguration : Located property source: CompositePropertySource [name='configService', propertySources=[MapPropertySource [name='configClient'], MapPropertySource [name='https://github.com/lgomezs/spring-respository-config/microService-service.yml'], MapPropertySource [name='https://github.com/lgomezs/spring-respository-config/application.properties']]]
2018-07-13 10:46:48.366  INFO 8360 --- [main] pe.gob.react.react.Application           : No active profile set, falling back to default profiles: default
2018-07-13 10:46:48.387  INFO 8360 --- [main] ationConfigEmbeddedWebApplicationContext : Refreshing org.springframework.boot.context.embedded.AnnotationConfigEmbeddedWebApplicationContext@1736d92b: startup date [Fri Jul 13 10:46:48 COT 2018]; parent: org.springframework.context.annotation.AnnotationConfigApplicationContext@777f8cb0
2018-07-13 10:46:50.777  WARN 8360 --- [main] o.s.c.a.ConfigurationClassPostProcessor  : Cannot enhance @Configuration bean definition 'refreshScope' since its singleton instance has been created too early. The typical cause is a non-static @Bean method with a BeanDefinitionRegistryPostProcessor return type: Consider declaring such methods as 'static'.
2018-07-13 10:46:50.981  INFO 8360 --- [main] o.s.cloud.context.scope.GenericScope     : BeanFactory id=92a772c5-7a2f-3453-9b18-ce92f37489ab
2018-07-13 10:46:51.047  INFO 8360 --- [main] f.a.AutowiredAnnotationBeanPostProcessor : JSR-330 'javax.inject.Inject' annotation found and supported for autowiring
2018-07-13 10:46:51.214  INFO 8360 --- [main] trationDelegate$BeanPostProcessorChecker : Bean 'org.springframework.cloud.autoconfigure.ConfigurationPropertiesRebinderAutoConfiguration' of type [class org.springframework.cloud.autoconfigure.ConfigurationPropertiesRebinderAutoConfiguration$$EnhancerBySpringCGLIB$$b27636ce] is not eligible for getting processed by all BeanPostProcessors (for example: not eligible for auto-proxying)
2018-07-13 10:46:51.690  INFO 8360 --- [main] org.xnio                                 : XNIO version 3.3.6.Final
2018-07-13 10:46:51.712  INFO 8360 --- [main] org.xnio.nio                             : XNIO NIO Implementation Version 3.3.6.Final
2018-07-13 10:46:51.906  WARN 8360 --- [main] io.undertow.websockets.jsr               : UT026009: XNIO worker was not set on WebSocketDeploymentInfo, the default worker will be used
2018-07-13 10:46:51.908  WARN 8360 --- [main] io.undertow.websockets.jsr               : UT026010: Buffer pool was not set on WebSocketDeploymentInfo, the default pool will be used
2018-07-13 10:46:51.940  INFO 8360 --- [main] io.undertow.servlet                      : Initializing Spring embedded WebApplicationContext
2018-07-13 10:46:51.943  INFO 8360 --- [main] o.s.web.context.ContextLoader            : Root WebApplicationContext: initialization completed in 3557 ms
2018-07-13 10:46:52.220  INFO 8360 --- [main] o.s.b.w.servlet.ServletRegistrationBean  : Mapping servlet: 'dispatcherServlet' to [/]
2018-07-13 10:46:52.230  INFO 8360 --- [main] o.s.b.w.servlet.FilterRegistrationBean   : Mapping filter: 'metricsFilter' to: [/*]
2018-07-13 10:46:52.232  INFO 8360 --- [main] o.s.b.w.servlet.FilterRegistrationBean   : Mapping filter: 'characterEncodingFilter' to: [/*]
2018-07-13 10:46:52.233  INFO 8360 --- [main] o.s.b.w.servlet.FilterRegistrationBean   : Mapping filter: 'hiddenHttpMethodFilter' to: [/*]
2018-07-13 10:46:52.235  INFO 8360 --- [main] o.s.b.w.servlet.FilterRegistrationBean   : Mapping filter: 'httpPutFormContentFilter' to: [/*]
2018-07-13 10:46:52.236  INFO 8360 --- [main] o.s.b.w.servlet.FilterRegistrationBean   : Mapping filter: 'requestContextFilter' to: [/*]
2018-07-13 10:46:52.236  INFO 8360 --- [main] o.s.b.w.servlet.FilterRegistrationBean   : Mapping filter: 'webRequestLoggingFilter' to: [/*]
2018-07-13 10:46:52.239  INFO 8360 --- [main] o.s.b.w.servlet.FilterRegistrationBean   : Mapping filter: 'applicationContextIdFilter' to: [/*]
2018-07-13 10:46:53.095  INFO 8360 --- [main] org.mongodb.driver.cluster               : Cluster created with settings {hosts=[ds133601.mlab.com:33601], mode=SINGLE, requiredClusterType=UNKNOWN, serverSelectionTimeout='30000 ms', maxWaitQueueSize=500}
2018-07-13 10:46:55.250  INFO 8360 --- [main] s.w.s.m.m.a.RequestMappingHandlerMapping : Mapped "{[/contacto/deleteContacto/{getID}],methods=[DELETE]}" onto public void pe.gob.react.react.controller.ContactoController.deleteContactoByID(java.lang.String)
2018-07-13 10:46:55.256  INFO 8360 --- [main] s.w.s.m.m.a.RequestMappingHandlerMapping : Mapped "{[/contacto/getContacto],methods=[GET]}" onto public java.util.List<pe.gob.react.react.model.Contacto> pe.gob.react.react.controller.ContactoController.getContacto()
2018-07-13 10:46:55.262  INFO 8360 --- [main] s.w.s.m.m.a.RequestMappingHandlerMapping : Mapped "{[/contacto/getContacto/{getID}],methods=[GET]}" onto public pe.gob.react.react.model.Contacto pe.gob.react.react.controller.ContactoController.getContactoByID(java.lang.String)
2018-07-13 10:46:55.263  INFO 8360 --- [main] s.w.s.m.m.a.RequestMappingHandlerMapping : Mapped "{[/contacto/saveContacto],methods=[POST]}" onto public pe.gob.react.react.model.Contacto pe.gob.react.react.controller.ContactoController.saveContacto(pe.gob.react.react.model.Contacto)
2018-07-13 10:46:55.266  INFO 8360 --- [main] s.w.s.m.m.a.RequestMappingHandlerMapping : Mapped "{[/v2/api-docs],methods=[GET],produces=[application/json || application/hal+json]}" onto public org.springframework.http.ResponseEntity<springfox.documentation.spring.web.json.Json> springfox.documentation.swagger2.web.Swagger2Controller.getDocumentation(java.lang.String,javax.servlet.http.HttpServletRequest)
2018-07-13 10:46:55.272  INFO 8360 --- [main] s.w.s.m.m.a.RequestMappingHandlerMapping : Mapped "{[/swagger-resources/configuration/security]}" onto org.springframework.http.ResponseEntity<springfox.documentation.swagger.web.SecurityConfiguration> springfox.documentation.swagger.web.ApiResourceController.securityConfiguration()
2018-07-13 10:46:55.276  INFO 8360 --- [main] s.w.s.m.m.a.RequestMappingHandlerMapping : Mapped "{[/swagger-resources/configuration/ui]}" onto org.springframework.http.ResponseEntity<springfox.documentation.swagger.web.UiConfiguration> springfox.documentation.swagger.web.ApiResourceController.uiConfiguration()
2018-07-13 10:46:55.279  INFO 8360 --- [main] s.w.s.m.m.a.RequestMappingHandlerMapping : Mapped "{[/swagger-resources]}" onto org.springframework.http.ResponseEntity<java.util.List<springfox.documentation.swagger.web.SwaggerResource>> springfox.documentation.swagger.web.ApiResourceController.swaggerResources()
2018-07-13 10:46:55.289  INFO 8360 --- [main] s.w.s.m.m.a.RequestMappingHandlerMapping : Mapped "{[/error]}" onto public org.springframework.http.ResponseEntity<java.util.Map<java.lang.String, java.lang.Object>> org.springframework.boot.autoconfigure.web.BasicErrorController.error(javax.servlet.http.HttpServletRequest)
2018-07-13 10:46:55.291  INFO 8360 --- [main] s.w.s.m.m.a.RequestMappingHandlerMapping : Mapped "{[/error],produces=[text/html]}" onto public org.springframework.web.servlet.ModelAndView org.springframework.boot.autoconfigure.web.BasicErrorController.errorHtml(javax.servlet.http.HttpServletRequest,javax.servlet.http.HttpServletResponse)
2018-07-13 10:46:55.378  INFO 8360 --- [cluster-ClusterId{value='5b48c96d2a01fb20a89fabb3', description='null'}-ds133601.mlab.com:33601] org.mongodb.driver.connection            : Opened connection [connectionId{localValue:1, serverValue:157576}] to ds133601.mlab.com:33601
2018-07-13 10:46:55.538  INFO 8360 --- [cluster-ClusterId{value='5b48c96d2a01fb20a89fabb3', description='null'}-ds133601.mlab.com:33601] org.mongodb.driver.cluster               : Monitor thread successfully connected to server with description ServerDescription{address=ds133601.mlab.com:33601, type=REPLICA_SET_PRIMARY, state=CONNECTED, ok=true, version=ServerVersion{versionList=[3, 4, 15]}, minWireVersion=0, maxWireVersion=5, maxDocumentSize=16777216, roundTripTimeNanos=156392761, setName='rs-ds133601', canonicalAddress=ds133601-a.mlab.com:33601, hosts=[ds133601-a.mlab.com:33601], passives=[], arbiters=[], primary='ds133601-a.mlab.com:33601', tagSet=TagSet{[]}, electionId=7fffffff0000000000000001, setVersion=1}
2018-07-13 10:46:56.426  INFO 8360 --- [main] o.s.b.a.e.mvc.EndpointHandlerMapping     : Mapped "{[/configprops || /configprops.json],methods=[GET],produces=[application/json]}" onto public java.lang.Object org.springframework.boot.actuate.endpoint.mvc.EndpointMvcAdapter.invoke()
2018-07-13 10:46:56.427  INFO 8360 --- [main] o.s.b.a.e.mvc.EndpointHandlerMapping     : Mapped "{[/heapdump || /heapdump.json],methods=[GET],produces=[application/octet-stream]}" onto public void org.springframework.boot.actuate.endpoint.mvc.HeapdumpMvcEndpoint.invoke(boolean,javax.servlet.http.HttpServletRequest,javax.servlet.http.HttpServletResponse) throws java.io.IOException,javax.servlet.ServletException
2018-07-13 10:46:56.430  INFO 8360 --- [main] o.s.b.a.e.mvc.EndpointHandlerMapping     : Mapped "{[/features || /features.json],methods=[GET],produces=[application/json]}" onto public java.lang.Object org.springframework.boot.actuate.endpoint.mvc.EndpointMvcAdapter.invoke()
2018-07-13 10:46:56.432  INFO 8360 --- [main] o.s.b.a.e.mvc.EndpointHandlerMapping     : Mapped "{[/mappings || /mappings.json],methods=[GET],produces=[application/json]}" onto public java.lang.Object org.springframework.boot.actuate.endpoint.mvc.EndpointMvcAdapter.invoke()
2018-07-13 10:46:56.433  INFO 8360 --- [main] o.s.b.a.e.mvc.EndpointHandlerMapping     : Mapped "{[/refresh || /refresh.json],methods=[POST]}" onto public java.lang.Object org.springframework.cloud.endpoint.GenericPostableMvcEndpoint.invoke()
2018-07-13 10:46:56.434  INFO 8360 --- [main] o.s.b.a.e.mvc.EndpointHandlerMapping     : Mapped "{[/beans || /beans.json],methods=[GET],produces=[application/json]}" onto public java.lang.Object org.springframework.boot.actuate.endpoint.mvc.EndpointMvcAdapter.invoke()
2018-07-13 10:46:56.437  INFO 8360 --- [main] o.s.b.a.e.mvc.EndpointHandlerMapping     : Mapped "{[/info || /info.json],methods=[GET],produces=[application/json]}" onto public java.lang.Object org.springframework.boot.actuate.endpoint.mvc.EndpointMvcAdapter.invoke()
2018-07-13 10:46:56.440  INFO 8360 --- [main] o.s.b.a.e.mvc.EndpointHandlerMapping     : Mapped "{[/env/{name:.*}],methods=[GET],produces=[application/json]}" onto public java.lang.Object org.springframework.boot.actuate.endpoint.mvc.EnvironmentMvcEndpoint.value(java.lang.String)
2018-07-13 10:46:56.441  INFO 8360 --- [main] o.s.b.a.e.mvc.EndpointHandlerMapping     : Mapped "{[/env || /env.json],methods=[GET],produces=[application/json]}" onto public java.lang.Object org.springframework.boot.actuate.endpoint.mvc.EndpointMvcAdapter.invoke()
2018-07-13 10:46:56.442  INFO 8360 --- [main] o.s.b.a.e.mvc.EndpointHandlerMapping     : Mapped "{[/env],methods=[POST]}" onto public java.lang.Object org.springframework.cloud.context.environment.EnvironmentManagerMvcEndpoint.value(java.util.Map<java.lang.String, java.lang.String>)
2018-07-13 10:46:56.443  INFO 8360 --- [main] o.s.b.a.e.mvc.EndpointHandlerMapping     : Mapped "{[/env/reset],methods=[POST]}" onto public java.util.Map<java.lang.String, java.lang.Object> org.springframework.cloud.context.environment.EnvironmentManagerMvcEndpoint.reset()
2018-07-13 10:46:56.444  INFO 8360 --- [main] o.s.b.a.e.mvc.EndpointHandlerMapping     : Mapped "{[/restart || /restart.json],methods=[POST]}" onto public java.lang.Object org.springframework.cloud.context.restart.RestartMvcEndpoint.invoke()
2018-07-13 10:46:56.449  INFO 8360 --- [main] o.s.b.a.e.mvc.EndpointHandlerMapping     : Mapped "{[/resume || /resume.json],methods=[POST]}" onto public java.lang.Object org.springframework.cloud.endpoint.GenericPostableMvcEndpoint.invoke()
2018-07-13 10:46:56.453  INFO 8360 --- [main] o.s.b.a.e.mvc.EndpointHandlerMapping     : Mapped "{[/dump || /dump.json],methods=[GET],produces=[application/json]}" onto public java.lang.Object org.springframework.boot.actuate.endpoint.mvc.EndpointMvcAdapter.invoke()
2018-07-13 10:46:56.454  INFO 8360 --- [main] o.s.b.a.e.mvc.EndpointHandlerMapping     : Mapped "{[/pause || /pause.json],methods=[POST]}" onto public java.lang.Object org.springframework.cloud.endpoint.GenericPostableMvcEndpoint.invoke()
2018-07-13 10:46:56.456  INFO 8360 --- [main] o.s.b.a.e.mvc.EndpointHandlerMapping     : Mapped "{[/metrics/{name:.*}],methods=[GET],produces=[application/json]}" onto public java.lang.Object org.springframework.boot.actuate.endpoint.mvc.MetricsMvcEndpoint.value(java.lang.String)
2018-07-13 10:46:56.458  INFO 8360 --- [main] o.s.b.a.e.mvc.EndpointHandlerMapping     : Mapped "{[/metrics || /metrics.json],methods=[GET],produces=[application/json]}" onto public java.lang.Object org.springframework.boot.actuate.endpoint.mvc.EndpointMvcAdapter.invoke()
2018-07-13 10:46:56.460  INFO 8360 --- [main] o.s.b.a.e.mvc.EndpointHandlerMapping     : Mapped "{[/logfile || /logfile.json],methods=[GET || HEAD]}" onto public void org.springframework.boot.actuate.endpoint.mvc.LogFileMvcEndpoint.invoke(javax.servlet.http.HttpServletRequest,javax.servlet.http.HttpServletResponse) throws javax.servlet.ServletException,java.io.IOException
2018-07-13 10:46:56.462  INFO 8360 --- [main] o.s.b.a.e.mvc.EndpointHandlerMapping     : Mapped "{[/trace || /trace.json],methods=[GET],produces=[application/json]}" onto public java.lang.Object org.springframework.boot.actuate.endpoint.mvc.EndpointMvcAdapter.invoke()
2018-07-13 10:46:56.464  INFO 8360 --- [main] o.s.b.a.e.mvc.EndpointHandlerMapping     : Mapped "{[/autoconfig || /autoconfig.json],methods=[GET],produces=[application/json]}" onto public java.lang.Object org.springframework.boot.actuate.endpoint.mvc.EndpointMvcAdapter.invoke()
2018-07-13 10:46:56.465  INFO 8360 --- [main] o.s.b.a.e.mvc.EndpointHandlerMapping     : Mapped "{[/archaius || /archaius.json],methods=[GET],produces=[application/json]}" onto public java.lang.Object org.springframework.boot.actuate.endpoint.mvc.EndpointMvcAdapter.invoke()
2018-07-13 10:46:56.468  INFO 8360 --- [main] o.s.b.a.e.mvc.EndpointHandlerMapping     : Mapped "{[/health || /health.json],produces=[application/json]}" onto public java.lang.Object org.springframework.boot.actuate.endpoint.mvc.HealthMvcEndpoint.invoke(java.security.Principal)
2018-07-13 10:46:56.767  INFO 8360 --- [main] s.w.s.m.m.a.RequestMappingHandlerAdapter : Looking for @ControllerAdvice: org.springframework.boot.context.embedded.AnnotationConfigEmbeddedWebApplicationContext@1736d92b: startup date [Fri Jul 13 10:46:48 COT 2018]; parent: org.springframework.context.annotation.AnnotationConfigApplicationContext@777f8cb0
2018-07-13 10:46:56.851  INFO 8360 --- [main] o.s.w.s.handler.SimpleUrlHandlerMapping  : Mapped URL path [/webjars/**] onto handler of type [class org.springframework.web.servlet.resource.ResourceHttpRequestHandler]
2018-07-13 10:46:56.853  INFO 8360 --- [main] o.s.w.s.handler.SimpleUrlHandlerMapping  : Mapped URL path [/**] onto handler of type [class org.springframework.web.servlet.resource.ResourceHttpRequestHandler]
2018-07-13 10:46:56.917  INFO 8360 --- [main] o.s.w.s.handler.SimpleUrlHandlerMapping  : Mapped URL path [/**/favicon.ico] onto handler of type [class org.springframework.web.servlet.resource.ResourceHttpRequestHandler]
2018-07-13 10:46:56.949  INFO 8360 --- [main] oConfiguration$WelcomePageHandlerMapping : Adding welcome page: class path resource [static/index.html]
2018-07-13 10:46:57.387  WARN 8360 --- [main] c.n.c.sources.URLConfigurationSource     : No URLs will be polled as dynamic configuration sources.
2018-07-13 10:46:57.389  INFO 8360 --- [main] c.n.c.sources.URLConfigurationSource     : To enable URLs as dynamic configuration sources, define System property archaius.configurationSource.additionalUrls or make config.properties available on classpath.
2018-07-13 10:46:57.402  WARN 8360 --- [main] c.n.c.sources.URLConfigurationSource     : No URLs will be polled as dynamic configuration sources.
2018-07-13 10:46:57.403  INFO 8360 --- [main] c.n.c.sources.URLConfigurationSource     : To enable URLs as dynamic configuration sources, define System property archaius.configurationSource.additionalUrls or make config.properties available on classpath.
2018-07-13 10:46:57.541  INFO 8360 --- [main] o.s.j.e.a.AnnotationMBeanExporter        : Registering beans for JMX exposure on startup
2018-07-13 10:46:57.554  INFO 8360 --- [main] o.s.j.e.a.AnnotationMBeanExporter        : Bean with name 'refreshScope' has been autodetected for JMX exposure
2018-07-13 10:46:57.555  INFO 8360 --- [main] o.s.j.e.a.AnnotationMBeanExporter        : Bean with name 'environmentManager' has been autodetected for JMX exposure
2018-07-13 10:46:57.557  INFO 8360 --- [main] o.s.j.e.a.AnnotationMBeanExporter        : Bean with name 'configurationPropertiesRebinder' has been autodetected for JMX exposure
2018-07-13 10:46:57.559  INFO 8360 --- [main] o.s.j.e.a.AnnotationMBeanExporter        : Bean with name 'refreshEndpoint' has been autodetected for JMX exposure
2018-07-13 10:46:57.562  INFO 8360 --- [main] o.s.j.e.a.AnnotationMBeanExporter        : Bean with name 'restartEndpoint' has been autodetected for JMX exposure
2018-07-13 10:46:57.566  INFO 8360 --- [main] o.s.j.e.a.AnnotationMBeanExporter        : Located managed bean 'environmentManager': registering with JMX server as MBean [org.springframework.cloud.context.environment:name=environmentManager,type=EnvironmentManager]
2018-07-13 10:46:57.586  INFO 8360 --- [main] o.s.j.e.a.AnnotationMBeanExporter        : Located managed bean 'restartEndpoint': registering with JMX server as MBean [org.springframework.cloud.context.restart:name=restartEndpoint,type=RestartEndpoint]
2018-07-13 10:46:57.606  INFO 8360 --- [main] o.s.j.e.a.AnnotationMBeanExporter        : Located managed bean 'refreshScope': registering with JMX server as MBean [org.springframework.cloud.context.scope.refresh:name=refreshScope,type=RefreshScope]
2018-07-13 10:46:57.629  INFO 8360 --- [main] o.s.j.e.a.AnnotationMBeanExporter        : Located managed bean 'configurationPropertiesRebinder': registering with JMX server as MBean [org.springframework.cloud.context.properties:name=configurationPropertiesRebinder,context=1736d92b,type=ConfigurationPropertiesRebinder]
2018-07-13 10:46:57.641  INFO 8360 --- [main] o.s.j.e.a.AnnotationMBeanExporter        : Located managed bean 'refreshEndpoint': registering with JMX server as MBean [org.springframework.cloud.endpoint:name=refreshEndpoint,type=RefreshEndpoint]
2018-07-13 10:46:57.822  INFO 8360 --- [main] o.s.c.support.DefaultLifecycleProcessor  : Starting beans in phase 0
2018-07-13 10:46:57.835  INFO 8360 --- [main] o.s.c.n.eureka.InstanceInfoFactory       : Setting initial instance status as: STARTING
2018-07-13 10:46:59.321  INFO 8360 --- [main] c.n.e.EurekaDiscoveryClientConfiguration : Registering application microService-service with eureka with status UP
2018-07-13 10:46:59.402  INFO 8360 --- [main] o.s.c.support.DefaultLifecycleProcessor  : Starting beans in phase 2147483647
2018-07-13 10:46:59.406  INFO 8360 --- [main] d.s.w.p.DocumentationPluginsBootstrapper : Context refreshed
2018-07-13 10:46:59.437  INFO 8360 --- [main] d.s.w.p.DocumentationPluginsBootstrapper : Found 1 custom documentation plugin(s)
2018-07-13 10:46:59.473  INFO 8360 --- [main] s.d.s.w.s.ApiListingReferenceScanner     : Scanning for api listing references
2018-07-13 10:46:59.747  INFO 8360 --- [main] b.c.e.u.UndertowEmbeddedServletContainer : Undertow started on port(s) 3333 (http)
2018-07-13 10:46:59.748  INFO 8360 --- [main] c.n.e.EurekaDiscoveryClientConfiguration : Updating port to 3333
2018-07-13 10:46:59.754  INFO 8360 --- [main] pe.gob.react.react.Application           : Started Application in 15.732 seconds (JVM running for 20.985)
2018-07-13 10:52:34.821  INFO 8360 --- [Thread-4] ationConfigEmbeddedWebApplicationContext : Closing org.springframework.boot.context.embedded.AnnotationConfigEmbeddedWebApplicationContext@1736d92b: startup date [Fri Jul 13 10:46:48 COT 2018]; parent: org.springframework.context.annotation.AnnotationConfigApplicationContext@777f8cb0
2018-07-13 10:52:34.825  INFO 8360 --- [Thread-4] c.n.e.EurekaDiscoveryClientConfiguration : Unregistering application microService-service with eureka with status DOWN
2018-07-13 10:52:34.968  INFO 8360 --- [Thread-4] o.s.c.support.DefaultLifecycleProcessor  : Stopping beans in phase 2147483647
2018-07-13 10:52:34.971  INFO 8360 --- [Thread-4] o.s.c.support.DefaultLifecycleProcessor  : Stopping beans in phase 0
2018-07-13 10:52:35.011  INFO 8360 --- [Thread-4] o.s.j.e.a.AnnotationMBeanExporter        : Unregistering JMX-exposed beans on shutdown
2018-07-13 10:52:35.015  INFO 8360 --- [Thread-4] o.s.j.e.a.AnnotationMBeanExporter        : Unregistering JMX-exposed beans
2018-07-13 10:52:52.961  INFO 12384 --- [main] c.c.c.ConfigServicePropertySourceLocator : Fetching config from server at: http://config-server:8888
2018-07-13 10:52:56.239  INFO 12384 --- [main] c.c.c.ConfigServicePropertySourceLocator : Located environment: name=microService-service, profiles=[default], label=master, version=ef17726f2cce6142622176776e05d163dc2c931e, state=null
2018-07-13 10:52:56.242  INFO 12384 --- [main] b.c.PropertySourceBootstrapConfiguration : Located property source: CompositePropertySource [name='configService', propertySources=[MapPropertySource [name='configClient'], MapPropertySource [name='https://github.com/lgomezs/spring-respository-config/microService-service.yml'], MapPropertySource [name='https://github.com/lgomezs/spring-respository-config/application.properties']]]
2018-07-13 10:52:56.318  INFO 12384 --- [main] pe.gob.react.react.Application           : No active profile set, falling back to default profiles: default
2018-07-13 10:52:56.334  INFO 12384 --- [main] ationConfigEmbeddedWebApplicationContext : Refreshing org.springframework.boot.context.embedded.AnnotationConfigEmbeddedWebApplicationContext@72e6b4f: startup date [Fri Jul 13 10:52:56 COT 2018]; parent: org.springframework.context.annotation.AnnotationConfigApplicationContext@5c57271d
2018-07-13 10:52:59.477  WARN 12384 --- [main] o.s.c.a.ConfigurationClassPostProcessor  : Cannot enhance @Configuration bean definition 'refreshScope' since its singleton instance has been created too early. The typical cause is a non-static @Bean method with a BeanDefinitionRegistryPostProcessor return type: Consider declaring such methods as 'static'.
2018-07-13 10:52:59.832  INFO 12384 --- [main] o.s.cloud.context.scope.GenericScope     : BeanFactory id=92a772c5-7a2f-3453-9b18-ce92f37489ab
2018-07-13 10:52:59.909  INFO 12384 --- [main] f.a.AutowiredAnnotationBeanPostProcessor : JSR-330 'javax.inject.Inject' annotation found and supported for autowiring
2018-07-13 10:53:00.056  INFO 12384 --- [main] trationDelegate$BeanPostProcessorChecker : Bean 'org.springframework.cloud.autoconfigure.ConfigurationPropertiesRebinderAutoConfiguration' of type [class org.springframework.cloud.autoconfigure.ConfigurationPropertiesRebinderAutoConfiguration$$EnhancerBySpringCGLIB$$707e652] is not eligible for getting processed by all BeanPostProcessors (for example: not eligible for auto-proxying)
2018-07-13 10:53:00.396  INFO 12384 --- [main] org.xnio                                 : XNIO version 3.3.6.Final
2018-07-13 10:53:00.430  INFO 12384 --- [main] org.xnio.nio                             : XNIO NIO Implementation Version 3.3.6.Final
2018-07-13 10:53:00.729  WARN 12384 --- [main] io.undertow.websockets.jsr               : UT026009: XNIO worker was not set on WebSocketDeploymentInfo, the default worker will be used
2018-07-13 10:53:00.733  WARN 12384 --- [main] io.undertow.websockets.jsr               : UT026010: Buffer pool was not set on WebSocketDeploymentInfo, the default pool will be used
2018-07-13 10:53:00.780  INFO 12384 --- [main] io.undertow.servlet                      : Initializing Spring embedded WebApplicationContext
2018-07-13 10:53:00.789  INFO 12384 --- [main] o.s.web.context.ContextLoader            : Root WebApplicationContext: initialization completed in 4455 ms
2018-07-13 10:53:01.145  INFO 12384 --- [main] o.s.b.w.servlet.ServletRegistrationBean  : Mapping servlet: 'dispatcherServlet' to [/]
2018-07-13 10:53:01.156  INFO 12384 --- [main] o.s.b.w.servlet.FilterRegistrationBean   : Mapping filter: 'metricsFilter' to: [/*]
2018-07-13 10:53:01.158  INFO 12384 --- [main] o.s.b.w.servlet.FilterRegistrationBean   : Mapping filter: 'characterEncodingFilter' to: [/*]
2018-07-13 10:53:01.160  INFO 12384 --- [main] o.s.b.w.servlet.FilterRegistrationBean   : Mapping filter: 'hiddenHttpMethodFilter' to: [/*]
2018-07-13 10:53:01.162  INFO 12384 --- [main] o.s.b.w.servlet.FilterRegistrationBean   : Mapping filter: 'httpPutFormContentFilter' to: [/*]
2018-07-13 10:53:01.163  INFO 12384 --- [main] o.s.b.w.servlet.FilterRegistrationBean   : Mapping filter: 'requestContextFilter' to: [/*]
2018-07-13 10:53:01.164  INFO 12384 --- [main] o.s.b.w.servlet.FilterRegistrationBean   : Mapping filter: 'webRequestLoggingFilter' to: [/*]
2018-07-13 10:53:01.165  INFO 12384 --- [main] o.s.b.w.servlet.FilterRegistrationBean   : Mapping filter: 'applicationContextIdFilter' to: [/*]
2018-07-13 10:53:01.843  INFO 12384 --- [main] org.mongodb.driver.cluster               : Cluster created with settings {hosts=[ds133601.mlab.com:33601], mode=SINGLE, requiredClusterType=UNKNOWN, serverSelectionTimeout='30000 ms', maxWaitQueueSize=500}
2018-07-13 10:53:02.958  INFO 12384 --- [main] s.w.s.m.m.a.RequestMappingHandlerMapping : Mapped "{[/contacto/saveContacto],methods=[POST]}" onto public pe.gob.react.react.model.Contacto pe.gob.react.react.controller.ContactoController.saveContacto(pe.gob.react.react.model.Contacto)
2018-07-13 10:53:02.997  INFO 12384 --- [main] s.w.s.m.m.a.RequestMappingHandlerMapping : Mapped "{[/contacto/getContacto/{getID}],methods=[GET]}" onto public pe.gob.react.react.model.Contacto pe.gob.react.react.controller.ContactoController.getContactoByID(java.lang.String)
2018-07-13 10:53:02.999  INFO 12384 --- [main] s.w.s.m.m.a.RequestMappingHandlerMapping : Mapped "{[/contacto/getContacto],methods=[GET]}" onto public java.util.List<pe.gob.react.react.model.Contacto> pe.gob.react.react.controller.ContactoController.getContacto()
2018-07-13 10:53:03.001  INFO 12384 --- [main] s.w.s.m.m.a.RequestMappingHandlerMapping : Mapped "{[/contacto/deleteContacto/{getID}],methods=[DELETE]}" onto public void pe.gob.react.react.controller.ContactoController.deleteContactoByID(java.lang.String)
2018-07-13 10:53:03.002  INFO 12384 --- [main] s.w.s.m.m.a.RequestMappingHandlerMapping : Mapped "{[/v2/api-docs],methods=[GET],produces=[application/json || application/hal+json]}" onto public org.springframework.http.ResponseEntity<springfox.documentation.spring.web.json.Json> springfox.documentation.swagger2.web.Swagger2Controller.getDocumentation(java.lang.String,javax.servlet.http.HttpServletRequest)
2018-07-13 10:53:03.005  INFO 12384 --- [main] s.w.s.m.m.a.RequestMappingHandlerMapping : Mapped "{[/swagger-resources/configuration/security]}" onto org.springframework.http.ResponseEntity<springfox.documentation.swagger.web.SecurityConfiguration> springfox.documentation.swagger.web.ApiResourceController.securityConfiguration()
2018-07-13 10:53:03.007  INFO 12384 --- [main] s.w.s.m.m.a.RequestMappingHandlerMapping : Mapped "{[/swagger-resources]}" onto org.springframework.http.ResponseEntity<java.util.List<springfox.documentation.swagger.web.SwaggerResource>> springfox.documentation.swagger.web.ApiResourceController.swaggerResources()
2018-07-13 10:53:03.011  INFO 12384 --- [main] s.w.s.m.m.a.RequestMappingHandlerMapping : Mapped "{[/swagger-resources/configuration/ui]}" onto org.springframework.http.ResponseEntity<springfox.documentation.swagger.web.UiConfiguration> springfox.documentation.swagger.web.ApiResourceController.uiConfiguration()
2018-07-13 10:53:03.015  INFO 12384 --- [main] s.w.s.m.m.a.RequestMappingHandlerMapping : Mapped "{[/error]}" onto public org.springframework.http.ResponseEntity<java.util.Map<java.lang.String, java.lang.Object>> org.springframework.boot.autoconfigure.web.BasicErrorController.error(javax.servlet.http.HttpServletRequest)
2018-07-13 10:53:03.016  INFO 12384 --- [main] s.w.s.m.m.a.RequestMappingHandlerMapping : Mapped "{[/error],produces=[text/html]}" onto public org.springframework.web.servlet.ModelAndView org.springframework.boot.autoconfigure.web.BasicErrorController.errorHtml(javax.servlet.http.HttpServletRequest,javax.servlet.http.HttpServletResponse)
2018-07-13 10:53:03.941  INFO 12384 --- [main] o.s.b.a.e.mvc.EndpointHandlerMapping     : Mapped "{[/resume || /resume.json],methods=[POST]}" onto public java.lang.Object org.springframework.cloud.endpoint.GenericPostableMvcEndpoint.invoke()
2018-07-13 10:53:03.945  INFO 12384 --- [main] o.s.b.a.e.mvc.EndpointHandlerMapping     : Mapped "{[/heapdump || /heapdump.json],methods=[GET],produces=[application/octet-stream]}" onto public void org.springframework.boot.actuate.endpoint.mvc.HeapdumpMvcEndpoint.invoke(boolean,javax.servlet.http.HttpServletRequest,javax.servlet.http.HttpServletResponse) throws java.io.IOException,javax.servlet.ServletException
2018-07-13 10:53:03.946  INFO 12384 --- [main] o.s.b.a.e.mvc.EndpointHandlerMapping     : Mapped "{[/beans || /beans.json],methods=[GET],produces=[application/json]}" onto public java.lang.Object org.springframework.boot.actuate.endpoint.mvc.EndpointMvcAdapter.invoke()
2018-07-13 10:53:03.948  INFO 12384 --- [main] o.s.b.a.e.mvc.EndpointHandlerMapping     : Mapped "{[/archaius || /archaius.json],methods=[GET],produces=[application/json]}" onto public java.lang.Object org.springframework.boot.actuate.endpoint.mvc.EndpointMvcAdapter.invoke()
2018-07-13 10:53:03.950  INFO 12384 --- [main] o.s.b.a.e.mvc.EndpointHandlerMapping     : Mapped "{[/env],methods=[POST]}" onto public java.lang.Object org.springframework.cloud.context.environment.EnvironmentManagerMvcEndpoint.value(java.util.Map<java.lang.String, java.lang.String>)
2018-07-13 10:53:03.951  INFO 12384 --- [main] o.s.b.a.e.mvc.EndpointHandlerMapping     : Mapped "{[/env/reset],methods=[POST]}" onto public java.util.Map<java.lang.String, java.lang.Object> org.springframework.cloud.context.environment.EnvironmentManagerMvcEndpoint.reset()
2018-07-13 10:53:03.952  INFO 12384 --- [main] o.s.b.a.e.mvc.EndpointHandlerMapping     : Mapped "{[/autoconfig || /autoconfig.json],methods=[GET],produces=[application/json]}" onto public java.lang.Object org.springframework.boot.actuate.endpoint.mvc.EndpointMvcAdapter.invoke()
2018-07-13 10:53:03.954  INFO 12384 --- [main] o.s.b.a.e.mvc.EndpointHandlerMapping     : Mapped "{[/restart || /restart.json],methods=[POST]}" onto public java.lang.Object org.springframework.cloud.context.restart.RestartMvcEndpoint.invoke()
2018-07-13 10:53:03.957  INFO 12384 --- [main] o.s.b.a.e.mvc.EndpointHandlerMapping     : Mapped "{[/health || /health.json],produces=[application/json]}" onto public java.lang.Object org.springframework.boot.actuate.endpoint.mvc.HealthMvcEndpoint.invoke(java.security.Principal)
2018-07-13 10:53:03.959  INFO 12384 --- [main] o.s.b.a.e.mvc.EndpointHandlerMapping     : Mapped "{[/env/{name:.*}],methods=[GET],produces=[application/json]}" onto public java.lang.Object org.springframework.boot.actuate.endpoint.mvc.EnvironmentMvcEndpoint.value(java.lang.String)
2018-07-13 10:53:03.960  INFO 12384 --- [main] o.s.b.a.e.mvc.EndpointHandlerMapping     : Mapped "{[/env || /env.json],methods=[GET],produces=[application/json]}" onto public java.lang.Object org.springframework.boot.actuate.endpoint.mvc.EndpointMvcAdapter.invoke()
2018-07-13 10:53:03.961  INFO 12384 --- [main] o.s.b.a.e.mvc.EndpointHandlerMapping     : Mapped "{[/trace || /trace.json],methods=[GET],produces=[application/json]}" onto public java.lang.Object org.springframework.boot.actuate.endpoint.mvc.EndpointMvcAdapter.invoke()
2018-07-13 10:53:03.965  INFO 12384 --- [main] o.s.b.a.e.mvc.EndpointHandlerMapping     : Mapped "{[/metrics/{name:.*}],methods=[GET],produces=[application/json]}" onto public java.lang.Object org.springframework.boot.actuate.endpoint.mvc.MetricsMvcEndpoint.value(java.lang.String)
2018-07-13 10:53:03.966  INFO 12384 --- [main] o.s.b.a.e.mvc.EndpointHandlerMapping     : Mapped "{[/metrics || /metrics.json],methods=[GET],produces=[application/json]}" onto public java.lang.Object org.springframework.boot.actuate.endpoint.mvc.EndpointMvcAdapter.invoke()
2018-07-13 10:53:03.968  INFO 12384 --- [main] o.s.b.a.e.mvc.EndpointHandlerMapping     : Mapped "{[/logfile || /logfile.json],methods=[GET || HEAD]}" onto public void org.springframework.boot.actuate.endpoint.mvc.LogFileMvcEndpoint.invoke(javax.servlet.http.HttpServletRequest,javax.servlet.http.HttpServletResponse) throws javax.servlet.ServletException,java.io.IOException
2018-07-13 10:53:03.969  INFO 12384 --- [main] o.s.b.a.e.mvc.EndpointHandlerMapping     : Mapped "{[/mappings || /mappings.json],methods=[GET],produces=[application/json]}" onto public java.lang.Object org.springframework.boot.actuate.endpoint.mvc.EndpointMvcAdapter.invoke()
2018-07-13 10:53:03.970  INFO 12384 --- [main] o.s.b.a.e.mvc.EndpointHandlerMapping     : Mapped "{[/info || /info.json],methods=[GET],produces=[application/json]}" onto public java.lang.Object org.springframework.boot.actuate.endpoint.mvc.EndpointMvcAdapter.invoke()
2018-07-13 10:53:03.971  INFO 12384 --- [main] o.s.b.a.e.mvc.EndpointHandlerMapping     : Mapped "{[/features || /features.json],methods=[GET],produces=[application/json]}" onto public java.lang.Object org.springframework.boot.actuate.endpoint.mvc.EndpointMvcAdapter.invoke()
2018-07-13 10:53:03.973  INFO 12384 --- [main] o.s.b.a.e.mvc.EndpointHandlerMapping     : Mapped "{[/configprops || /configprops.json],methods=[GET],produces=[application/json]}" onto public java.lang.Object org.springframework.boot.actuate.endpoint.mvc.EndpointMvcAdapter.invoke()
2018-07-13 10:53:03.974  INFO 12384 --- [main] o.s.b.a.e.mvc.EndpointHandlerMapping     : Mapped "{[/refresh || /refresh.json],methods=[POST]}" onto public java.lang.Object org.springframework.cloud.endpoint.GenericPostableMvcEndpoint.invoke()
2018-07-13 10:53:03.976  INFO 12384 --- [main] o.s.b.a.e.mvc.EndpointHandlerMapping     : Mapped "{[/dump || /dump.json],methods=[GET],produces=[application/json]}" onto public java.lang.Object org.springframework.boot.actuate.endpoint.mvc.EndpointMvcAdapter.invoke()
2018-07-13 10:53:03.979  INFO 12384 --- [main] o.s.b.a.e.mvc.EndpointHandlerMapping     : Mapped "{[/pause || /pause.json],methods=[POST]}" onto public java.lang.Object org.springframework.cloud.endpoint.GenericPostableMvcEndpoint.invoke()
2018-07-13 10:53:04.228  INFO 12384 --- [main] s.w.s.m.m.a.RequestMappingHandlerAdapter : Looking for @ControllerAdvice: org.springframework.boot.context.embedded.AnnotationConfigEmbeddedWebApplicationContext@72e6b4f: startup date [Fri Jul 13 10:52:56 COT 2018]; parent: org.springframework.context.annotation.AnnotationConfigApplicationContext@5c57271d
2018-07-13 10:53:04.314  INFO 12384 --- [main] o.s.w.s.handler.SimpleUrlHandlerMapping  : Mapped URL path [/webjars/**] onto handler of type [class org.springframework.web.servlet.resource.ResourceHttpRequestHandler]
2018-07-13 10:53:04.315  INFO 12384 --- [main] o.s.w.s.handler.SimpleUrlHandlerMapping  : Mapped URL path [/**] onto handler of type [class org.springframework.web.servlet.resource.ResourceHttpRequestHandler]
2018-07-13 10:53:04.375  INFO 12384 --- [main] o.s.w.s.handler.SimpleUrlHandlerMapping  : Mapped URL path [/**/favicon.ico] onto handler of type [class org.springframework.web.servlet.resource.ResourceHttpRequestHandler]
2018-07-13 10:53:04.405  INFO 12384 --- [main] oConfiguration$WelcomePageHandlerMapping : Adding welcome page: class path resource [static/index.html]
2018-07-13 10:53:04.829  WARN 12384 --- [main] c.n.c.sources.URLConfigurationSource     : No URLs will be polled as dynamic configuration sources.
2018-07-13 10:53:04.831  INFO 12384 --- [main] c.n.c.sources.URLConfigurationSource     : To enable URLs as dynamic configuration sources, define System property archaius.configurationSource.additionalUrls or make config.properties available on classpath.
2018-07-13 10:53:04.842  WARN 12384 --- [main] c.n.c.sources.URLConfigurationSource     : No URLs will be polled as dynamic configuration sources.
2018-07-13 10:53:04.843  INFO 12384 --- [main] c.n.c.sources.URLConfigurationSource     : To enable URLs as dynamic configuration sources, define System property archaius.configurationSource.additionalUrls or make config.properties available on classpath.
2018-07-13 10:53:04.981  INFO 12384 --- [main] o.s.j.e.a.AnnotationMBeanExporter        : Registering beans for JMX exposure on startup
2018-07-13 10:53:05.000  INFO 12384 --- [main] o.s.j.e.a.AnnotationMBeanExporter        : Bean with name 'refreshScope' has been autodetected for JMX exposure
2018-07-13 10:53:05.003  INFO 12384 --- [main] o.s.j.e.a.AnnotationMBeanExporter        : Bean with name 'environmentManager' has been autodetected for JMX exposure
2018-07-13 10:53:05.009  INFO 12384 --- [main] o.s.j.e.a.AnnotationMBeanExporter        : Bean with name 'configurationPropertiesRebinder' has been autodetected for JMX exposure
2018-07-13 10:53:05.010  INFO 12384 --- [main] o.s.j.e.a.AnnotationMBeanExporter        : Bean with name 'refreshEndpoint' has been autodetected for JMX exposure
2018-07-13 10:53:05.013  INFO 12384 --- [main] o.s.j.e.a.AnnotationMBeanExporter        : Bean with name 'restartEndpoint' has been autodetected for JMX exposure
2018-07-13 10:53:05.017  INFO 12384 --- [main] o.s.j.e.a.AnnotationMBeanExporter        : Located managed bean 'environmentManager': registering with JMX server as MBean [org.springframework.cloud.context.environment:name=environmentManager,type=EnvironmentManager]
2018-07-13 10:53:05.062  INFO 12384 --- [main] o.s.j.e.a.AnnotationMBeanExporter        : Located managed bean 'restartEndpoint': registering with JMX server as MBean [org.springframework.cloud.context.restart:name=restartEndpoint,type=RestartEndpoint]
2018-07-13 10:53:05.084  INFO 12384 --- [main] o.s.j.e.a.AnnotationMBeanExporter        : Located managed bean 'refreshScope': registering with JMX server as MBean [org.springframework.cloud.context.scope.refresh:name=refreshScope,type=RefreshScope]
2018-07-13 10:53:05.104  INFO 12384 --- [main] o.s.j.e.a.AnnotationMBeanExporter        : Located managed bean 'configurationPropertiesRebinder': registering with JMX server as MBean [org.springframework.cloud.context.properties:name=configurationPropertiesRebinder,context=72e6b4f,type=ConfigurationPropertiesRebinder]
2018-07-13 10:53:05.131  INFO 12384 --- [main] o.s.j.e.a.AnnotationMBeanExporter        : Located managed bean 'refreshEndpoint': registering with JMX server as MBean [org.springframework.cloud.endpoint:name=refreshEndpoint,type=RefreshEndpoint]
2018-07-13 10:53:05.422  INFO 12384 --- [main] o.s.c.support.DefaultLifecycleProcessor  : Starting beans in phase 0
2018-07-13 10:53:05.436  INFO 12384 --- [main] o.s.c.n.eureka.InstanceInfoFactory       : Setting initial instance status as: STARTING
2018-07-13 10:53:05.851  INFO 12384 --- [cluster-ClusterId{value='5b48cadd2a01fb30603383d6', description='null'}-ds133601.mlab.com:33601] org.mongodb.driver.connection            : Opened connection [connectionId{localValue:1, serverValue:157897}] to ds133601.mlab.com:33601
2018-07-13 10:53:06.282  INFO 12384 --- [cluster-ClusterId{value='5b48cadd2a01fb30603383d6', description='null'}-ds133601.mlab.com:33601] org.mongodb.driver.cluster               : Monitor thread successfully connected to server with description ServerDescription{address=ds133601.mlab.com:33601, type=REPLICA_SET_PRIMARY, state=CONNECTED, ok=true, version=ServerVersion{versionList=[3, 4, 15]}, minWireVersion=0, maxWireVersion=5, maxDocumentSize=16777216, roundTripTimeNanos=403371644, setName='rs-ds133601', canonicalAddress=ds133601-a.mlab.com:33601, hosts=[ds133601-a.mlab.com:33601], passives=[], arbiters=[], primary='ds133601-a.mlab.com:33601', tagSet=TagSet{[]}, electionId=7fffffff0000000000000001, setVersion=1}
2018-07-13 10:53:07.103  INFO 12384 --- [main] c.n.e.EurekaDiscoveryClientConfiguration : Registering application microService-service with eureka with status UP
2018-07-13 10:53:07.184  INFO 12384 --- [main] o.s.c.support.DefaultLifecycleProcessor  : Starting beans in phase 2147483647
2018-07-13 10:53:07.187  INFO 12384 --- [main] d.s.w.p.DocumentationPluginsBootstrapper : Context refreshed
2018-07-13 10:53:07.224  INFO 12384 --- [main] d.s.w.p.DocumentationPluginsBootstrapper : Found 1 custom documentation plugin(s)
2018-07-13 10:53:07.263  INFO 12384 --- [main] s.d.s.w.s.ApiListingReferenceScanner     : Scanning for api listing references
2018-07-13 10:53:07.557  INFO 12384 --- [main] b.c.e.u.UndertowEmbeddedServletContainer : Undertow started on port(s) 3333 (http)
2018-07-13 10:53:07.559  INFO 12384 --- [main] c.n.e.EurekaDiscoveryClientConfiguration : Updating port to 3333
2018-07-13 10:53:07.565  INFO 12384 --- [main] pe.gob.react.react.Application           : Started Application in 17.535 seconds (JVM running for 23.21)
2018-07-13 10:54:09.896  INFO 12384 --- [XNIO-2 task-1] io.undertow.servlet                      : Initializing Spring FrameworkServlet 'dispatcherServlet'
2018-07-13 10:54:09.898  INFO 12384 --- [XNIO-2 task-1] o.s.web.servlet.DispatcherServlet        : FrameworkServlet 'dispatcherServlet': initialization started
