2018-07-13 10:56:02.076 DEBUG 10720 --- [main] o.s.w.c.s.StandardServletEnvironment     : Adding [servletConfigInitParams] PropertySource with lowest search precedence
2018-07-13 10:56:02.078 DEBUG 10720 --- [main] o.s.w.c.s.StandardServletEnvironment     : Adding [servletContextInitParams] PropertySource with lowest search precedence
2018-07-13 10:56:02.079 DEBUG 10720 --- [main] o.s.w.c.s.StandardServletEnvironment     : Adding [systemProperties] PropertySource with lowest search precedence
2018-07-13 10:56:02.081 DEBUG 10720 --- [main] o.s.w.c.s.StandardServletEnvironment     : Adding [systemEnvironment] PropertySource with lowest search precedence
2018-07-13 10:56:02.086 DEBUG 10720 --- [main] o.s.w.c.s.StandardServletEnvironment     : Initialized StandardServletEnvironment with PropertySources [servletConfigInitParams,servletContextInitParams,systemProperties,systemEnvironment]
2018-07-13 10:56:02.115 DEBUG 10720 --- [main] o.s.w.c.s.StandardServletEnvironment     : Removing [defaultProperties] PropertySource
2018-07-13 10:56:02.117 DEBUG 10720 --- [main] o.s.w.c.s.StandardServletEnvironment     : Adding [defaultProperties] PropertySource with lowest search precedence
2018-07-13 10:56:02.120 DEBUG 10720 --- [main] o.s.w.c.s.StandardServletEnvironment     : Adding [applicationConfig: [classpath:/bootstrap.yml]] PropertySource with search precedence immediately higher than [defaultProperties]
2018-07-13 10:56:02.173  INFO 10720 --- [main] c.c.c.ConfigServicePropertySourceLocator : Fetching config from server at: http://config-server:8888
2018-07-13 10:56:02.206 DEBUG 10720 --- [main] o.s.web.client.RestTemplate              : Created GET request for "http://config-server:8888/deneb/default"
2018-07-13 10:56:02.271 DEBUG 10720 --- [main] o.s.web.client.RestTemplate              : Setting request Accept header to [application/json, application/*+json]
2018-07-13 10:56:08.118 DEBUG 10720 --- [main] o.s.web.client.RestTemplate              : GET request for "http://config-server:8888/deneb/default" resulted in 200 (OK)
2018-07-13 10:56:08.124 DEBUG 10720 --- [main] o.s.web.client.RestTemplate              : Reading [class org.springframework.cloud.config.environment.Environment] as "application/json;charset=UTF-8" using [org.springframework.http.converter.json.MappingJackson2HttpMessageConverter@4fe3c938]
2018-07-13 10:56:08.174  INFO 10720 --- [main] c.c.c.ConfigServicePropertySourceLocator : Located environment: name=deneb, profiles=[default], label=master, version=ef17726f2cce6142622176776e05d163dc2c931e, state=null
2018-07-13 10:56:08.176  INFO 10720 --- [main] b.c.PropertySourceBootstrapConfiguration : Located property source: CompositePropertySource [name='configService', propertySources=[MapPropertySource [name='configClient'], MapPropertySource [name='https://github.com/lgomezs/spring-respository-config/deneb.yml'], MapPropertySource [name='https://github.com/lgomezs/spring-respository-config/application.properties']]]
2018-07-13 10:56:08.181 DEBUG 10720 --- [main] o.s.w.c.s.StandardServletEnvironment     : Adding [bootstrapProperties] PropertySource with highest search precedence
2018-07-13 10:56:08.278  INFO 10720 --- [main] pe.gob.react.deneb.Application           : No active profile set, falling back to default profiles: default
2018-07-13 10:56:08.298  INFO 10720 --- [main] ationConfigEmbeddedWebApplicationContext : Refreshing org.springframework.boot.context.embedded.AnnotationConfigEmbeddedWebApplicationContext@29ca901e: startup date [Fri Jul 13 10:56:08 COT 2018]; parent: org.springframework.context.annotation.AnnotationConfigApplicationContext@555590
2018-07-13 10:56:10.228  INFO 10720 --- [main] o.s.b.f.s.DefaultListableBeanFactory     : Overriding bean definition for bean 'hystrixFeature' with a different definition: replacing [Root bean: class [null]; scope=; abstract=false; lazyInit=false; autowireMode=3; dependencyCheck=0; autowireCandidate=true; primary=false; factoryBeanName=org.springframework.cloud.netflix.hystrix.HystrixCircuitBreakerConfiguration$HystrixWebConfiguration; factoryMethodName=hystrixFeature; initMethodName=null; destroyMethodName=(inferred); defined in class path resource [org/springframework/cloud/netflix/hystrix/HystrixCircuitBreakerConfiguration$HystrixWebConfiguration.class]] with [Root bean: class [null]; scope=; abstract=false; lazyInit=false; autowireMode=3; dependencyCheck=0; autowireCandidate=true; primary=false; factoryBeanName=org.springframework.cloud.netflix.hystrix.HystrixCircuitBreakerConfiguration; factoryMethodName=hystrixFeature; initMethodName=null; destroyMethodName=(inferred); defined in class path resource [org/springframework/cloud/netflix/hystrix/HystrixCircuitBreakerConfiguration.class]]
2018-07-13 10:56:10.320 ERROR 10720 --- [main] o.s.boot.SpringApplication               : Application startup failed

java.lang.IllegalStateException: Error processing condition on org.springframework.boot.autoconfigure.web.DispatcherServletAutoConfiguration$DispatcherServletRegistrationConfiguration
	at org.springframework.boot.autoconfigure.condition.SpringBootCondition.matches(SpringBootCondition.java:64) ~[spring-boot-autoconfigure-1.4.2.RELEASE.jar!/:1.4.2.RELEASE]
	at org.springframework.context.annotation.ConditionEvaluator.shouldSkip(ConditionEvaluator.java:102) ~[spring-context-4.3.4.RELEASE.jar!/:4.3.4.RELEASE]
	at org.springframework.context.annotation.ConfigurationClassBeanDefinitionReader$TrackedConditionEvaluator.shouldSkip(ConfigurationClassBeanDefinitionReader.java:436) ~[spring-context-4.3.4.RELEASE.jar!/:4.3.4.RELEASE]
	at org.springframework.context.annotation.ConfigurationClassBeanDefinitionReader$TrackedConditionEvaluator.shouldSkip(ConfigurationClassBeanDefinitionReader.java:425) ~[spring-context-4.3.4.RELEASE.jar!/:4.3.4.RELEASE]
	at org.springframework.context.annotation.ConfigurationClassBeanDefinitionReader.loadBeanDefinitionsForConfigurationClass(ConfigurationClassBeanDefinitionReader.java:127) ~[spring-context-4.3.4.RELEASE.jar!/:4.3.4.RELEASE]
	at org.springframework.context.annotation.ConfigurationClassBeanDefinitionReader.loadBeanDefinitions(ConfigurationClassBeanDefinitionReader.java:116) ~[spring-context-4.3.4.RELEASE.jar!/:4.3.4.RELEASE]
	at org.springframework.context.annotation.ConfigurationClassPostProcessor.processConfigBeanDefinitions(ConfigurationClassPostProcessor.java:336) ~[spring-context-4.3.4.RELEASE.jar!/:4.3.4.RELEASE]
	at org.springframework.context.annotation.ConfigurationClassPostProcessor.postProcessBeanDefinitionRegistry(ConfigurationClassPostProcessor.java:246) ~[spring-context-4.3.4.RELEASE.jar!/:4.3.4.RELEASE]
	at org.springframework.context.support.PostProcessorRegistrationDelegate.invokeBeanDefinitionRegistryPostProcessors(PostProcessorRegistrationDelegate.java:270) ~[spring-context-4.3.4.RELEASE.jar!/:4.3.4.RELEASE]
	at org.springframework.context.support.PostProcessorRegistrationDelegate.invokeBeanFactoryPostProcessors(PostProcessorRegistrationDelegate.java:93) ~[spring-context-4.3.4.RELEASE.jar!/:4.3.4.RELEASE]
	at org.springframework.context.support.AbstractApplicationContext.invokeBeanFactoryPostProcessors(AbstractApplicationContext.java:686) ~[spring-context-4.3.4.RELEASE.jar!/:4.3.4.RELEASE]
	at org.springframework.context.support.AbstractApplicationContext.refresh(AbstractApplicationContext.java:524) ~[spring-context-4.3.4.RELEASE.jar!/:4.3.4.RELEASE]
	at org.springframework.boot.context.embedded.EmbeddedWebApplicationContext.refresh(EmbeddedWebApplicationContext.java:122) ~[spring-boot-1.4.2.RELEASE.jar!/:1.4.2.RELEASE]
	at org.springframework.boot.SpringApplication.refresh(SpringApplication.java:761) [spring-boot-1.4.2.RELEASE.jar!/:1.4.2.RELEASE]
	at org.springframework.boot.SpringApplication.refreshContext(SpringApplication.java:371) [spring-boot-1.4.2.RELEASE.jar!/:1.4.2.RELEASE]
	at org.springframework.boot.SpringApplication.run(SpringApplication.java:315) [spring-boot-1.4.2.RELEASE.jar!/:1.4.2.RELEASE]
	at org.springframework.boot.SpringApplication.run(SpringApplication.java:1186) [spring-boot-1.4.2.RELEASE.jar!/:1.4.2.RELEASE]
	at org.springframework.boot.SpringApplication.run(SpringApplication.java:1175) [spring-boot-1.4.2.RELEASE.jar!/:1.4.2.RELEASE]
	at pe.gob.react.deneb.Application.main(Application.java:17) [classes!/:na]
	at sun.reflect.NativeMethodAccessorImpl.invoke0(Native Method) ~[na:1.8.0_40]
	at sun.reflect.NativeMethodAccessorImpl.invoke(Unknown Source) ~[na:1.8.0_40]
	at sun.reflect.DelegatingMethodAccessorImpl.invoke(Unknown Source) ~[na:1.8.0_40]
	at java.lang.reflect.Method.invoke(Unknown Source) ~[na:1.8.0_40]
	at org.springframework.boot.loader.MainMethodRunner.run(MainMethodRunner.java:48) [deneb-1.0.jar:na]
	at org.springframework.boot.loader.Launcher.launch(Launcher.java:87) [deneb-1.0.jar:na]
	at org.springframework.boot.loader.Launcher.launch(Launcher.java:50) [deneb-1.0.jar:na]
	at org.springframework.boot.loader.JarLauncher.main(JarLauncher.java:51) [deneb-1.0.jar:na]
Caused by: org.springframework.beans.factory.BeanCreationException: Error creating bean with name 'sadrClient' defined in BeanDefinition defined in class path resource [pe/gob/react/deneb/config/DenebConfig.class]: Initialization of bean failed; nested exception is java.lang.NoClassDefFoundError: pe/gob/react/react/model/Contacto
	at org.springframework.beans.factory.support.AbstractAutowireCapableBeanFactory.doCreateBean(AbstractAutowireCapableBeanFactory.java:562) ~[spring-beans-4.3.4.RELEASE.jar!/:4.3.4.RELEASE]
	at org.springframework.beans.factory.support.AbstractAutowireCapableBeanFactory.createBean(AbstractAutowireCapableBeanFactory.java:482) ~[spring-beans-4.3.4.RELEASE.jar!/:4.3.4.RELEASE]
	at org.springframework.beans.factory.support.AbstractBeanFactory$1.getObject(AbstractBeanFactory.java:306) ~[spring-beans-4.3.4.RELEASE.jar!/:4.3.4.RELEASE]
	at org.springframework.beans.factory.support.DefaultSingletonBeanRegistry.getSingleton(DefaultSingletonBeanRegistry.java:230) ~[spring-beans-4.3.4.RELEASE.jar!/:4.3.4.RELEASE]
	at org.springframework.beans.factory.support.AbstractBeanFactory.doGetBean(AbstractBeanFactory.java:302) ~[spring-beans-4.3.4.RELEASE.jar!/:4.3.4.RELEASE]
	at org.springframework.beans.factory.support.AbstractBeanFactory.getBean(AbstractBeanFactory.java:197) ~[spring-beans-4.3.4.RELEASE.jar!/:4.3.4.RELEASE]
	at org.springframework.beans.factory.support.AbstractBeanFactory.isSingleton(AbstractBeanFactory.java:428) ~[spring-beans-4.3.4.RELEASE.jar!/:4.3.4.RELEASE]
	at org.springframework.beans.factory.support.DefaultListableBeanFactory.doGetBeanNamesForType(DefaultListableBeanFactory.java:424) ~[spring-beans-4.3.4.RELEASE.jar!/:4.3.4.RELEASE]
	at org.springframework.beans.factory.support.DefaultListableBeanFactory.getBeanNamesForType(DefaultListableBeanFactory.java:390) ~[spring-beans-4.3.4.RELEASE.jar!/:4.3.4.RELEASE]
	at org.springframework.boot.autoconfigure.web.DispatcherServletAutoConfiguration$DispatcherServletRegistrationCondition.checkDefaultDispatcherName(DispatcherServletAutoConfiguration.java:202) ~[spring-boot-autoconfigure-1.4.2.RELEASE.jar!/:1.4.2.RELEASE]
	at org.springframework.boot.autoconfigure.web.DispatcherServletAutoConfiguration$DispatcherServletRegistrationCondition.getMatchOutcome(DispatcherServletAutoConfiguration.java:192) ~[spring-boot-autoconfigure-1.4.2.RELEASE.jar!/:1.4.2.RELEASE]
	at org.springframework.boot.autoconfigure.condition.SpringBootCondition.matches(SpringBootCondition.java:47) ~[spring-boot-autoconfigure-1.4.2.RELEASE.jar!/:1.4.2.RELEASE]
	... 26 common frames omitted
Caused by: java.lang.NoClassDefFoundError: pe/gob/react/react/model/Contacto
	at java.lang.Class.getDeclaredMethods0(Native Method) ~[na:1.8.0_40]
	at java.lang.Class.privateGetDeclaredMethods(Unknown Source) ~[na:1.8.0_40]
	at java.lang.Class.getDeclaredMethods(Unknown Source) ~[na:1.8.0_40]
	at org.springframework.aop.framework.CglibAopProxy.doValidateClass(CglibAopProxy.java:260) ~[spring-aop-4.3.4.RELEASE.jar!/:4.3.4.RELEASE]
	at org.springframework.aop.framework.CglibAopProxy.validateClassIfNecessary(CglibAopProxy.java:247) ~[spring-aop-4.3.4.RELEASE.jar!/:4.3.4.RELEASE]
	at org.springframework.aop.framework.CglibAopProxy.getProxy(CglibAopProxy.java:176) ~[spring-aop-4.3.4.RELEASE.jar!/:4.3.4.RELEASE]
	at org.springframework.aop.framework.ProxyFactory.getProxy(ProxyFactory.java:109) ~[spring-aop-4.3.4.RELEASE.jar!/:4.3.4.RELEASE]
	at org.springframework.aop.scope.ScopedProxyFactoryBean.setBeanFactory(ScopedProxyFactoryBean.java:111) ~[spring-aop-4.3.4.RELEASE.jar!/:4.3.4.RELEASE]
	at org.springframework.beans.factory.support.AbstractAutowireCapableBeanFactory.invokeAwareMethods(AbstractAutowireCapableBeanFactory.java:1602) ~[spring-beans-4.3.4.RELEASE.jar!/:4.3.4.RELEASE]
	at org.springframework.beans.factory.support.AbstractAutowireCapableBeanFactory.initializeBean(AbstractAutowireCapableBeanFactory.java:1570) ~[spring-beans-4.3.4.RELEASE.jar!/:4.3.4.RELEASE]
	at org.springframework.beans.factory.support.AbstractAutowireCapableBeanFactory.doCreateBean(AbstractAutowireCapableBeanFactory.java:553) ~[spring-beans-4.3.4.RELEASE.jar!/:4.3.4.RELEASE]
	... 37 common frames omitted
Caused by: java.lang.ClassNotFoundException: pe.gob.react.react.model.Contacto
	at java.net.URLClassLoader.findClass(Unknown Source) ~[na:1.8.0_40]
	at java.lang.ClassLoader.loadClass(Unknown Source) ~[na:1.8.0_40]
	at org.springframework.boot.loader.LaunchedURLClassLoader.loadClass(LaunchedURLClassLoader.java:93) ~[deneb-1.0.jar:na]
	at java.lang.ClassLoader.loadClass(Unknown Source) ~[na:1.8.0_40]
	... 48 common frames omitted

2018-07-13 10:56:10.325  INFO 10720 --- [main] ationConfigEmbeddedWebApplicationContext : Closing org.springframework.boot.context.embedded.AnnotationConfigEmbeddedWebApplicationContext@29ca901e: startup date [Fri Jul 13 10:56:08 COT 2018]; parent: org.springframework.context.annotation.AnnotationConfigApplicationContext@555590
2018-07-13 10:56:10.327  WARN 10720 --- [main] ationConfigEmbeddedWebApplicationContext : Exception thrown from LifecycleProcessor on context close

java.lang.IllegalStateException: LifecycleProcessor not initialized - call 'refresh' before invoking lifecycle methods via the context: org.springframework.boot.context.embedded.AnnotationConfigEmbeddedWebApplicationContext@29ca901e: startup date [Fri Jul 13 10:56:08 COT 2018]; parent: org.springframework.context.annotation.AnnotationConfigApplicationContext@555590
	at org.springframework.context.support.AbstractApplicationContext.getLifecycleProcessor(AbstractApplicationContext.java:417) [spring-context-4.3.4.RELEASE.jar!/:4.3.4.RELEASE]
	at org.springframework.context.support.AbstractApplicationContext.doClose(AbstractApplicationContext.java:1002) [spring-context-4.3.4.RELEASE.jar!/:4.3.4.RELEASE]
	at org.springframework.context.support.AbstractApplicationContext.close(AbstractApplicationContext.java:961) [spring-context-4.3.4.RELEASE.jar!/:4.3.4.RELEASE]
	at org.springframework.boot.SpringApplication.handleRunFailure(SpringApplication.java:818) [spring-boot-1.4.2.RELEASE.jar!/:1.4.2.RELEASE]
	at org.springframework.boot.SpringApplication.run(SpringApplication.java:326) [spring-boot-1.4.2.RELEASE.jar!/:1.4.2.RELEASE]
	at org.springframework.boot.SpringApplication.run(SpringApplication.java:1186) [spring-boot-1.4.2.RELEASE.jar!/:1.4.2.RELEASE]
	at org.springframework.boot.SpringApplication.run(SpringApplication.java:1175) [spring-boot-1.4.2.RELEASE.jar!/:1.4.2.RELEASE]
	at pe.gob.react.deneb.Application.main(Application.java:17) [classes!/:na]
	at sun.reflect.NativeMethodAccessorImpl.invoke0(Native Method) ~[na:1.8.0_40]
	at sun.reflect.NativeMethodAccessorImpl.invoke(Unknown Source) ~[na:1.8.0_40]
	at sun.reflect.DelegatingMethodAccessorImpl.invoke(Unknown Source) ~[na:1.8.0_40]
	at java.lang.reflect.Method.invoke(Unknown Source) ~[na:1.8.0_40]
	at org.springframework.boot.loader.MainMethodRunner.run(MainMethodRunner.java:48) [deneb-1.0.jar:na]
	at org.springframework.boot.loader.Launcher.launch(Launcher.java:87) [deneb-1.0.jar:na]
	at org.springframework.boot.loader.Launcher.launch(Launcher.java:50) [deneb-1.0.jar:na]
	at org.springframework.boot.loader.JarLauncher.main(JarLauncher.java:51) [deneb-1.0.jar:na]

2018-07-13 10:56:10.330 ERROR 10720 --- [main] o.s.b.f.s.DefaultListableBeanFactory     : Destroy method on bean with name 'org.springframework.boot.autoconfigure.internalCachingMetadataReaderFactory' threw an exception

java.lang.IllegalStateException: ApplicationEventMulticaster not initialized - call 'refresh' before multicasting events via the context: org.springframework.boot.context.embedded.AnnotationConfigEmbeddedWebApplicationContext@29ca901e: startup date [Fri Jul 13 10:56:08 COT 2018]; parent: org.springframework.context.annotation.AnnotationConfigApplicationContext@555590
	at org.springframework.context.support.AbstractApplicationContext.getApplicationEventMulticaster(AbstractApplicationContext.java:404) [spring-context-4.3.4.RELEASE.jar!/:4.3.4.RELEASE]
	at org.springframework.context.support.ApplicationListenerDetector.postProcessBeforeDestruction(ApplicationListenerDetector.java:97) ~[spring-context-4.3.4.RELEASE.jar!/:4.3.4.RELEASE]
	at org.springframework.beans.factory.support.DisposableBeanAdapter.destroy(DisposableBeanAdapter.java:253) ~[spring-beans-4.3.4.RELEASE.jar!/:4.3.4.RELEASE]
	at org.springframework.beans.factory.support.DefaultSingletonBeanRegistry.destroyBean(DefaultSingletonBeanRegistry.java:578) [spring-beans-4.3.4.RELEASE.jar!/:4.3.4.RELEASE]
	at org.springframework.beans.factory.support.DefaultSingletonBeanRegistry.destroySingleton(DefaultSingletonBeanRegistry.java:554) [spring-beans-4.3.4.RELEASE.jar!/:4.3.4.RELEASE]
	at org.springframework.beans.factory.support.DefaultListableBeanFactory.destroySingleton(DefaultListableBeanFactory.java:954) [spring-beans-4.3.4.RELEASE.jar!/:4.3.4.RELEASE]
	at org.springframework.beans.factory.support.DefaultSingletonBeanRegistry.destroySingletons(DefaultSingletonBeanRegistry.java:523) [spring-beans-4.3.4.RELEASE.jar!/:4.3.4.RELEASE]
	at org.springframework.beans.factory.support.DefaultListableBeanFactory.destroySingletons(DefaultListableBeanFactory.java:961) [spring-beans-4.3.4.RELEASE.jar!/:4.3.4.RELEASE]
	at org.springframework.context.support.AbstractApplicationContext.destroyBeans(AbstractApplicationContext.java:1033) [spring-context-4.3.4.RELEASE.jar!/:4.3.4.RELEASE]
	at org.springframework.context.support.AbstractApplicationContext.doClose(AbstractApplicationContext.java:1009) [spring-context-4.3.4.RELEASE.jar!/:4.3.4.RELEASE]
	at org.springframework.context.support.AbstractApplicationContext.close(AbstractApplicationContext.java:961) [spring-context-4.3.4.RELEASE.jar!/:4.3.4.RELEASE]
	at org.springframework.boot.SpringApplication.handleRunFailure(SpringApplication.java:818) [spring-boot-1.4.2.RELEASE.jar!/:1.4.2.RELEASE]
	at org.springframework.boot.SpringApplication.run(SpringApplication.java:326) [spring-boot-1.4.2.RELEASE.jar!/:1.4.2.RELEASE]
	at org.springframework.boot.SpringApplication.run(SpringApplication.java:1186) [spring-boot-1.4.2.RELEASE.jar!/:1.4.2.RELEASE]
	at org.springframework.boot.SpringApplication.run(SpringApplication.java:1175) [spring-boot-1.4.2.RELEASE.jar!/:1.4.2.RELEASE]
	at pe.gob.react.deneb.Application.main(Application.java:17) [classes!/:na]
	at sun.reflect.NativeMethodAccessorImpl.invoke0(Native Method) ~[na:1.8.0_40]
	at sun.reflect.NativeMethodAccessorImpl.invoke(Unknown Source) ~[na:1.8.0_40]
	at sun.reflect.DelegatingMethodAccessorImpl.invoke(Unknown Source) ~[na:1.8.0_40]
	at java.lang.reflect.Method.invoke(Unknown Source) ~[na:1.8.0_40]
	at org.springframework.boot.loader.MainMethodRunner.run(MainMethodRunner.java:48) [deneb-1.0.jar:na]
	at org.springframework.boot.loader.Launcher.launch(Launcher.java:87) [deneb-1.0.jar:na]
	at org.springframework.boot.loader.Launcher.launch(Launcher.java:50) [deneb-1.0.jar:na]
	at org.springframework.boot.loader.JarLauncher.main(JarLauncher.java:51) [deneb-1.0.jar:na]

